<?xml version="1.0" encoding="UTF-8"?>
<robot generator="Robot 4.1.3 (Python 3.9.6 on darwin)" generated="20240801 00:04:01.985" rpa="false" schemaversion="2">
<suite id="s1" name="Api Smoke Tests" source="/Users/alimostafaei/PycharmProjects/Urbanease/Communities_Service_Test/ValueBlue/Api_Testing/Tests/api_smoke_tests.robot">
<kw name="Create Object for Suite" type="SETUP">
<doc>Create an object to be used in all test cases</doc>
<kw name="Create Dictionary" library="BuiltIn">
<var>${nested_data}</var>
<arg>year=2019</arg>
<arg>price=1849.99</arg>
<arg>CPU model=Intel Core i9</arg>
<arg>Hard disk size=1 TB</arg>
<doc>Creates and returns a dictionary based on the given ``items``.</doc>
<msg timestamp="20240801 00:04:02.047" level="INFO">${nested_data} = {'year': '2019', 'price': '1849.99', 'CPU model': 'Intel Core i9', 'Hard disk size': '1 TB'}</msg>
<status status="PASS" starttime="20240801 00:04:02.046" endtime="20240801 00:04:02.047"/>
</kw>
<kw name="Create Dictionary" library="BuiltIn">
<var>${data}</var>
<arg>name=Apple MacBook Pro 16</arg>
<arg>data=${nested_data}</arg>
<doc>Creates and returns a dictionary based on the given ``items``.</doc>
<msg timestamp="20240801 00:04:02.047" level="INFO">${data} = {'name': 'Apple MacBook Pro 16', 'data': {'year': '2019', 'price': '1849.99', 'CPU model': 'Intel Core i9', 'Hard disk size': '1 TB'}}</msg>
<status status="PASS" starttime="20240801 00:04:02.047" endtime="20240801 00:04:02.047"/>
</kw>
<kw name="Create Dictionary" library="BuiltIn">
<var>${headers}</var>
<arg>Content-Type=application/json</arg>
<doc>Creates and returns a dictionary based on the given ``items``.</doc>
<msg timestamp="20240801 00:04:02.047" level="INFO">${headers} = {'Content-Type': 'application/json'}</msg>
<status status="PASS" starttime="20240801 00:04:02.047" endtime="20240801 00:04:02.047"/>
</kw>
<kw name="POST" library="RequestsLibrary">
<var>${response}</var>
<arg>${BASE_URL}</arg>
<arg>json=${data}</arg>
<arg>headers=${headers}</arg>
<doc>Sends a POST request.</doc>
<msg timestamp="20240801 00:04:02.435" level="INFO">POST Request : url=https://api.restful-api.dev/objects 
 path_url=/objects 
 headers={'User-Agent': 'python-requests/2.26.0', 'Accept-Encoding': 'gzip, deflate, br', 'Accept': '*/*', 'Connection': 'keep-alive', 'Content-Type': 'application/json', 'Content-Length': '134'} 
 body=b'{"name": "Apple MacBook Pro 16", "data": {"year": "2019", "price": "1849.99", "CPU model": "Intel Core i9", "Hard disk size": "1 TB"}}' 
 </msg>
<msg timestamp="20240801 00:04:02.435" level="INFO">POST Response : url=https://api.restful-api.dev/objects 
 status=200, reason= 
 headers={'Date': 'Wed, 31 Jul 2024 22:04:02 GMT', 'Content-Type': 'application/json', 'Transfer-Encoding': 'chunked', 'Connection': 'keep-alive', 'Vary': 'Origin, Access-Control-Request-Method, Access-Control-Request-Headers', 'CF-Cache-Status': 'DYNAMIC', 'Report-To': '{"endpoints":[{"url":"https:\\/\\/a.nel.cloudflare.com\\/report\\/v4?s=9BVG9YsoIUZ44hNHKYeoGZ%2BADPCQEN4AJkSczC9rBQPJB9Fq89H6te3bJOxRdfeSfhMzjV0Tp4tn%2BXfOTDsoFKH1XKAH6JroliMqyB9i4rFf%2BIm%2FF5tsZLVp76BNyepY6H3z5bwUfXdmNY8048HkBIvq"}],"group":"cf-nel","max_age":604800}', 'NEL': '{"success_fraction":0,"report_to":"cf-nel","max_age":604800}', 'Server': 'cloudflare', 'CF-RAY': '8ac0e1c17f57b7a8-AMS', 'Content-Encoding': 'br', 'alt-svc': 'h3=":443"; ma=86400'} 
 body={"id":"ff8081819108ddef01910ad25585047d","name":"Apple MacBook Pro 16","createdAt":"2024-07-31T22:04:02.310+00:00","data":{"year":"2019","price":"1849.99","CPU model":"Intel Core i9","Hard disk size":"1 TB"}} 
 </msg>
<msg timestamp="20240801 00:04:02.435" level="INFO">${response} = &lt;Response [200]&gt;</msg>
<status status="PASS" starttime="20240801 00:04:02.047" endtime="20240801 00:04:02.435"/>
</kw>
<kw name="Should Be Equal As Numbers" library="BuiltIn">
<arg>${response.status_code}</arg>
<arg>200</arg>
<doc>Fails if objects are unequal after converting them to real numbers.</doc>
<msg timestamp="20240801 00:04:02.437" level="INFO">Argument types are:
&lt;class 'int'&gt;
&lt;type 'unicode'&gt;</msg>
<status status="PASS" starttime="20240801 00:04:02.436" endtime="20240801 00:04:02.437"/>
</kw>
<kw name="Set Variable" library="BuiltIn">
<var>${json_response}</var>
<arg>${response.json()}</arg>
<doc>Returns the given values which can then be assigned to a variables.</doc>
<msg timestamp="20240801 00:04:02.438" level="INFO">${json_response} = {'id': 'ff8081819108ddef01910ad25585047d', 'name': 'Apple MacBook Pro 16', 'createdAt': '2024-07-31T22:04:02.310+00:00', 'data': {'year': '2019', 'price': '1849.99', 'CPU model': 'Intel Core i9', 'Har...</msg>
<status status="PASS" starttime="20240801 00:04:02.437" endtime="20240801 00:04:02.438"/>
</kw>
<kw name="Set Variable" library="BuiltIn">
<var>${object_id}</var>
<arg>${json_response}[id]</arg>
<doc>Returns the given values which can then be assigned to a variables.</doc>
<msg timestamp="20240801 00:04:02.438" level="INFO">${object_id} = ff8081819108ddef01910ad25585047d</msg>
<status status="PASS" starttime="20240801 00:04:02.438" endtime="20240801 00:04:02.438"/>
</kw>
<kw name="Set Suite Variable" library="BuiltIn">
<arg>${OBJECT_ID}</arg>
<arg>${object_id}</arg>
<doc>Makes a variable available everywhere within the scope of the current suite.</doc>
<msg timestamp="20240801 00:04:02.438" level="INFO">${OBJECT_ID} = ff8081819108ddef01910ad25585047d</msg>
<status status="PASS" starttime="20240801 00:04:02.438" endtime="20240801 00:04:02.438"/>
</kw>
<kw name="Log" library="BuiltIn">
<arg>Created object with ID: ${OBJECT_ID}</arg>
<doc>Logs the given message with the given level.</doc>
<msg timestamp="20240801 00:04:02.438" level="INFO">Created object with ID: ff8081819108ddef01910ad25585047d</msg>
<status status="PASS" starttime="20240801 00:04:02.438" endtime="20240801 00:04:02.439"/>
</kw>
<status status="PASS" starttime="20240801 00:04:02.046" endtime="20240801 00:04:02.439"/>
</kw>
<test id="s1-t1" name="Smoke Test: Retrieve Objects">
<kw name="Given the API is accessible">
<kw name="No Operation" library="BuiltIn">
<doc>Does absolutely nothing.</doc>
<status status="PASS" starttime="20240801 00:04:02.440" endtime="20240801 00:04:02.440"/>
</kw>
<status status="PASS" starttime="20240801 00:04:02.440" endtime="20240801 00:04:02.440"/>
</kw>
<kw name="When I send a GET request to retrieve objects">
<kw name="GET" library="RequestsLibrary">
<var>${response}</var>
<arg>${BASE_URL}</arg>
<doc>Sends a GET request.</doc>
<msg timestamp="20240801 00:04:02.789" level="INFO">GET Request : url=https://api.restful-api.dev/objects 
 path_url=/objects 
 headers={'User-Agent': 'python-requests/2.26.0', 'Accept-Encoding': 'gzip, deflate, br', 'Accept': '*/*', 'Connection': 'keep-alive'} 
 body=None 
 </msg>
<msg timestamp="20240801 00:04:02.789" level="INFO">GET Response : url=https://api.restful-api.dev/objects 
 status=200, reason= 
 headers={'Date': 'Wed, 31 Jul 2024 22:04:02 GMT', 'Content-Type': 'application/json', 'Transfer-Encoding': 'chunked', 'Connection': 'keep-alive', 'Vary': 'Origin, Access-Control-Request-Method, Access-Control-Request-Headers', 'CF-Cache-Status': 'DYNAMIC', 'Report-To': '{"endpoints":[{"url":"https:\\/\\/a.nel.cloudflare.com\\/report\\/v4?s=Yrv%2Bb3a7cJb4HG2tJn0Ft2usypOnZFAIBVZd3o0cdXp66g9xt%2FBg76cQ%2F0EXwsW7EtfAfpUvtgDCph7chqo1bS7siR9HUlHr7Leu6QM0Uo1a0ER6mbYMcISskcc5Eki5eGGBOIXceTS1MFhiW%2FoPnslp"}],"group":"cf-nel","max_age":604800}', 'NEL': '{"success_fraction":0,"report_to":"cf-nel","max_age":604800}', 'Server': 'cloudflare', 'CF-RAY': '8ac0e1c3e86906c8-AMS', 'Content-Encoding': 'br', 'alt-svc': 'h3=":443"; ma=86400'} 
 body=[{"id":"1","name":"Google Pixel 6 Pro","data":{"color":"Cloudy White","capacity":"128 GB"}},{"id":"2","name":"Apple iPhone 12 Mini, 256GB, Blue","data":null},{"id":"3","name":"Apple iPhone 12 Pro Max","data":{"color":"Cloudy White","capacity GB":512}},{"id":"4","name":"Apple iPhone 11, 64GB","data":{"price":389.99,"color":"Purple"}},{"id":"5","name":"Samsung Galaxy Z Fold2","data":{"price":689.99,"color":"Brown"}},{"id":"6","name":"Apple AirPods","data":{"generation":"3rd","price":120}},{"id":"7","name":"Apple MacBook Pro 16","data":{"year":2019,"price":1849.99,"CPU model":"Intel Core i9","Hard disk size":"1 TB"}},{"id":"8","name":"Apple Watch Series 8","data":{"Strap Colour":"Elderberry","Case Size":"41mm"}},{"id":"9","name":"Beats Studio3 Wireless","data":{"Color":"Red","Description":"High-performance wireless noise cancelling headphones"}},{"id":"10","name":"Apple iPad Mini 5th Gen","data":{"Capacity":"64 GB","Screen size":7.9}},{"id":"11","name":"Apple iPad Mini 5th Gen","data":{"Capacity":"254 GB","Screen size":7.9}},{"id":"12","name":"Apple iPad Air","data":{"Generation":"4th","Price":"419.99","Capacity":"64 GB"}},{"id":"13","name":"Apple iPad Air","data":{"Generation":"4th","Price":"519.99","Capacity":"256 GB"}}] 
 </msg>
<msg timestamp="20240801 00:04:02.790" level="INFO">${response} = &lt;Response [200]&gt;</msg>
<status status="PASS" starttime="20240801 00:04:02.440" endtime="20240801 00:04:02.790"/>
</kw>
<kw name="Set Test Variable" library="BuiltIn">
<arg>${response}</arg>
<doc>Makes a variable available everywhere within the scope of the current test.</doc>
<msg timestamp="20240801 00:04:02.791" level="INFO">${response} = &lt;Response [200]&gt;</msg>
<status status="PASS" starttime="20240801 00:04:02.790" endtime="20240801 00:04:02.791"/>
</kw>
<status status="PASS" starttime="20240801 00:04:02.440" endtime="20240801 00:04:02.791"/>
</kw>
<kw name="Then the response status code should be 200">
<kw name="Should Be Equal As Numbers" library="BuiltIn">
<arg>${response.status_code}</arg>
<arg>200</arg>
<doc>Fails if objects are unequal after converting them to real numbers.</doc>
<msg timestamp="20240801 00:04:02.793" level="INFO">Argument types are:
&lt;class 'int'&gt;
&lt;type 'unicode'&gt;</msg>
<status status="PASS" starttime="20240801 00:04:02.792" endtime="20240801 00:04:02.793"/>
</kw>
<status status="PASS" starttime="20240801 00:04:02.791" endtime="20240801 00:04:02.793"/>
</kw>
<kw name="And the first object should have the correct structure">
<kw name="Set Variable" library="BuiltIn">
<var>${first_object}</var>
<arg>${response.json()}[0]</arg>
<doc>Returns the given values which can then be assigned to a variables.</doc>
<msg timestamp="20240801 00:04:02.794" level="INFO">${first_object} = {'id': '1', 'name': 'Google Pixel 6 Pro', 'data': {'color': 'Cloudy White', 'capacity': '128 GB'}}</msg>
<status status="PASS" starttime="20240801 00:04:02.793" endtime="20240801 00:04:02.794"/>
</kw>
<kw name="Dictionary Should Contain Key" library="Collections">
<arg>${first_object}</arg>
<arg>id</arg>
<doc>Fails if ``key`` is not found from ``dictionary``.</doc>
<status status="PASS" starttime="20240801 00:04:02.794" endtime="20240801 00:04:02.794"/>
</kw>
<kw name="Dictionary Should Contain Key" library="Collections">
<arg>${first_object}</arg>
<arg>name</arg>
<doc>Fails if ``key`` is not found from ``dictionary``.</doc>
<status status="PASS" starttime="20240801 00:04:02.794" endtime="20240801 00:04:02.795"/>
</kw>
<kw name="Dictionary Should Contain Key" library="Collections">
<arg>${first_object}</arg>
<arg>data</arg>
<doc>Fails if ``key`` is not found from ``dictionary``.</doc>
<status status="PASS" starttime="20240801 00:04:02.795" endtime="20240801 00:04:02.795"/>
</kw>
<status status="PASS" starttime="20240801 00:04:02.793" endtime="20240801 00:04:02.795"/>
</kw>
<doc>Quick test to verify the GET /objects endpoint</doc>
<status status="PASS" starttime="20240801 00:04:02.439" endtime="20240801 00:04:02.795"/>
</test>
<test id="s1-t2" name="Smoke Test: Create New Object">
<kw name="Given the API is accessible">
<kw name="No Operation" library="BuiltIn">
<doc>Does absolutely nothing.</doc>
<status status="PASS" starttime="20240801 00:04:02.796" endtime="20240801 00:04:02.797"/>
</kw>
<status status="PASS" starttime="20240801 00:04:02.796" endtime="20240801 00:04:02.797"/>
</kw>
<kw name="When I send a POST request to create a new object">
<kw name="Create Dictionary" library="BuiltIn">
<var>${nested_data}</var>
<arg>year=2019</arg>
<arg>price=1849.99</arg>
<arg>CPU model=Intel Core i9</arg>
<arg>Hard disk size=1 TB</arg>
<doc>Creates and returns a dictionary based on the given ``items``.</doc>
<msg timestamp="20240801 00:04:02.797" level="INFO">${nested_data} = {'year': '2019', 'price': '1849.99', 'CPU model': 'Intel Core i9', 'Hard disk size': '1 TB'}</msg>
<status status="PASS" starttime="20240801 00:04:02.797" endtime="20240801 00:04:02.797"/>
</kw>
<kw name="Create Dictionary" library="BuiltIn">
<var>${data}</var>
<arg>name=Apple MacBook Pro 16</arg>
<arg>data=${nested_data}</arg>
<doc>Creates and returns a dictionary based on the given ``items``.</doc>
<msg timestamp="20240801 00:04:02.798" level="INFO">${data} = {'name': 'Apple MacBook Pro 16', 'data': {'year': '2019', 'price': '1849.99', 'CPU model': 'Intel Core i9', 'Hard disk size': '1 TB'}}</msg>
<status status="PASS" starttime="20240801 00:04:02.797" endtime="20240801 00:04:02.798"/>
</kw>
<kw name="Create Dictionary" library="BuiltIn">
<var>${headers}</var>
<arg>Content-Type=application/json</arg>
<doc>Creates and returns a dictionary based on the given ``items``.</doc>
<msg timestamp="20240801 00:04:02.798" level="INFO">${headers} = {'Content-Type': 'application/json'}</msg>
<status status="PASS" starttime="20240801 00:04:02.798" endtime="20240801 00:04:02.798"/>
</kw>
<kw name="POST" library="RequestsLibrary">
<var>${response}</var>
<arg>${BASE_URL}</arg>
<arg>json=${data}</arg>
<arg>headers=${headers}</arg>
<doc>Sends a POST request.</doc>
<msg timestamp="20240801 00:04:03.784" level="INFO">POST Request : url=https://api.restful-api.dev/objects 
 path_url=/objects 
 headers={'User-Agent': 'python-requests/2.26.0', 'Accept-Encoding': 'gzip, deflate, br', 'Accept': '*/*', 'Connection': 'keep-alive', 'Content-Type': 'application/json', 'Content-Length': '134'} 
 body=b'{"name": "Apple MacBook Pro 16", "data": {"year": "2019", "price": "1849.99", "CPU model": "Intel Core i9", "Hard disk size": "1 TB"}}' 
 </msg>
<msg timestamp="20240801 00:04:03.784" level="INFO">POST Response : url=https://api.restful-api.dev/objects 
 status=200, reason= 
 headers={'Date': 'Wed, 31 Jul 2024 22:04:03 GMT', 'Content-Type': 'application/json', 'Transfer-Encoding': 'chunked', 'Connection': 'keep-alive', 'Vary': 'Origin, Access-Control-Request-Method, Access-Control-Request-Headers', 'CF-Cache-Status': 'DYNAMIC', 'Report-To': '{"endpoints":[{"url":"https:\\/\\/a.nel.cloudflare.com\\/report\\/v4?s=vKZr%2FdSeYWqkMbcqhvyQ34%2Fya8ZcDgWM9Ixpq5snVxz5rhCUa3S22hIas9EAKSBkcyoCL9UTxcN22wg63G07SZ%2FPwe3pl4KF78HP8iEac1RwqzwQJfn6yzWAhU2JmRDgT%2Fm3ngohS%2Bw8VVZdnC2t4n6w"}],"group":"cf-nel","max_age":604800}', 'NEL': '{"success_fraction":0,"report_to":"cf-nel","max_age":604800}', 'Server': 'cloudflare', 'CF-RAY': '8ac0e1c629c60e4c-AMS', 'Content-Encoding': 'br', 'alt-svc': 'h3=":443"; ma=86400'} 
 body={"id":"ff8081819108ddef01910ad25a7d047e","name":"Apple MacBook Pro 16","createdAt":"2024-07-31T22:04:03.581+00:00","data":{"year":"2019","price":"1849.99","CPU model":"Intel Core i9","Hard disk size":"1 TB"}} 
 </msg>
<msg timestamp="20240801 00:04:03.785" level="INFO">${response} = &lt;Response [200]&gt;</msg>
<status status="PASS" starttime="20240801 00:04:02.798" endtime="20240801 00:04:03.785"/>
</kw>
<kw name="Set Test Variable" library="BuiltIn">
<arg>${response}</arg>
<doc>Makes a variable available everywhere within the scope of the current test.</doc>
<msg timestamp="20240801 00:04:03.786" level="INFO">${response} = &lt;Response [200]&gt;</msg>
<status status="PASS" starttime="20240801 00:04:03.785" endtime="20240801 00:04:03.786"/>
</kw>
<status status="PASS" starttime="20240801 00:04:02.797" endtime="20240801 00:04:03.786"/>
</kw>
<kw name="Then the response status code should be 200">
<kw name="Should Be Equal As Numbers" library="BuiltIn">
<arg>${response.status_code}</arg>
<arg>200</arg>
<doc>Fails if objects are unequal after converting them to real numbers.</doc>
<msg timestamp="20240801 00:04:03.787" level="INFO">Argument types are:
&lt;class 'int'&gt;
&lt;type 'unicode'&gt;</msg>
<status status="PASS" starttime="20240801 00:04:03.787" endtime="20240801 00:04:03.788"/>
</kw>
<status status="PASS" starttime="20240801 00:04:03.786" endtime="20240801 00:04:03.788"/>
</kw>
<kw name="And the response should contain the created object details">
<kw name="Set Variable" library="BuiltIn">
<var>${json_response}</var>
<arg>${response.json()}</arg>
<doc>Returns the given values which can then be assigned to a variables.</doc>
<msg timestamp="20240801 00:04:03.789" level="INFO">${json_response} = {'id': 'ff8081819108ddef01910ad25a7d047e', 'name': 'Apple MacBook Pro 16', 'createdAt': '2024-07-31T22:04:03.581+00:00', 'data': {'year': '2019', 'price': '1849.99', 'CPU model': 'Intel Core i9', 'Har...</msg>
<status status="PASS" starttime="20240801 00:04:03.788" endtime="20240801 00:04:03.789"/>
</kw>
<kw name="Dictionary Should Contain Key" library="Collections">
<arg>${json_response}</arg>
<arg>id</arg>
<doc>Fails if ``key`` is not found from ``dictionary``.</doc>
<status status="PASS" starttime="20240801 00:04:03.789" endtime="20240801 00:04:03.789"/>
</kw>
<kw name="Dictionary Should Contain Key" library="Collections">
<arg>${json_response}</arg>
<arg>name</arg>
<doc>Fails if ``key`` is not found from ``dictionary``.</doc>
<status status="PASS" starttime="20240801 00:04:03.789" endtime="20240801 00:04:03.790"/>
</kw>
<kw name="Dictionary Should Contain Key" library="Collections">
<arg>${json_response}</arg>
<arg>createdAt</arg>
<doc>Fails if ``key`` is not found from ``dictionary``.</doc>
<status status="PASS" starttime="20240801 00:04:03.790" endtime="20240801 00:04:03.790"/>
</kw>
<kw name="Dictionary Should Contain Key" library="Collections">
<arg>${json_response}</arg>
<arg>data</arg>
<doc>Fails if ``key`` is not found from ``dictionary``.</doc>
<status status="PASS" starttime="20240801 00:04:03.790" endtime="20240801 00:04:03.790"/>
</kw>
<kw name="Should Be Equal" library="BuiltIn">
<arg>${json_response}[name]</arg>
<arg>Apple MacBook Pro 16</arg>
<doc>Fails if the given objects are unequal.</doc>
<status status="PASS" starttime="20240801 00:04:03.790" endtime="20240801 00:04:03.790"/>
</kw>
<kw name="Should Be Equal As Integers" library="BuiltIn">
<arg>${json_response}[data][year]</arg>
<arg>2019</arg>
<doc>Fails if objects are unequal after converting them to integers.</doc>
<status status="PASS" starttime="20240801 00:04:03.791" endtime="20240801 00:04:03.791"/>
</kw>
<kw name="Should Be Equal As Numbers" library="BuiltIn">
<arg>${json_response}[data][price]</arg>
<arg>1849.99</arg>
<doc>Fails if objects are unequal after converting them to real numbers.</doc>
<status status="PASS" starttime="20240801 00:04:03.791" endtime="20240801 00:04:03.791"/>
</kw>
<kw name="Should Be Equal" library="BuiltIn">
<arg>${json_response}[data][CPU model]</arg>
<arg>Intel Core i9</arg>
<doc>Fails if the given objects are unequal.</doc>
<status status="PASS" starttime="20240801 00:04:03.791" endtime="20240801 00:04:03.791"/>
</kw>
<status status="PASS" starttime="20240801 00:04:03.788" endtime="20240801 00:04:03.791"/>
</kw>
<doc>Quick test to verify creating a new object</doc>
<status status="PASS" starttime="20240801 00:04:02.796" endtime="20240801 00:04:03.792"/>
</test>
<test id="s1-t3" name="Smoke Test: Update Existing Object">
<kw name="Given the API is accessible">
<kw name="No Operation" library="BuiltIn">
<doc>Does absolutely nothing.</doc>
<status status="PASS" starttime="20240801 00:04:03.793" endtime="20240801 00:04:03.793"/>
</kw>
<status status="PASS" starttime="20240801 00:04:03.792" endtime="20240801 00:04:03.793"/>
</kw>
<kw name="When I send a PUT request to update an existing object">
<kw name="Create Dictionary" library="BuiltIn">
<var>${nested_data}</var>
<arg>year=2019</arg>
<arg>price=2049.99</arg>
<arg>CPU model=Intel Core i9</arg>
<arg>Hard disk size=1 TB</arg>
<arg>color=silver</arg>
<doc>Creates and returns a dictionary based on the given ``items``.</doc>
<msg timestamp="20240801 00:04:03.793" level="INFO">${nested_data} = {'year': '2019', 'price': '2049.99', 'CPU model': 'Intel Core i9', 'Hard disk size': '1 TB', 'color': 'silver'}</msg>
<status status="PASS" starttime="20240801 00:04:03.793" endtime="20240801 00:04:03.793"/>
</kw>
<kw name="Create Dictionary" library="BuiltIn">
<var>${data}</var>
<arg>name=Apple MacBook Pro 16</arg>
<arg>data=${nested_data}</arg>
<doc>Creates and returns a dictionary based on the given ``items``.</doc>
<msg timestamp="20240801 00:04:03.794" level="INFO">${data} = {'name': 'Apple MacBook Pro 16', 'data': {'year': '2019', 'price': '2049.99', 'CPU model': 'Intel Core i9', 'Hard disk size': '1 TB', 'color': 'silver'}}</msg>
<status status="PASS" starttime="20240801 00:04:03.793" endtime="20240801 00:04:03.794"/>
</kw>
<kw name="Create Dictionary" library="BuiltIn">
<var>${headers}</var>
<arg>Content-Type=application/json</arg>
<doc>Creates and returns a dictionary based on the given ``items``.</doc>
<msg timestamp="20240801 00:04:03.794" level="INFO">${headers} = {'Content-Type': 'application/json'}</msg>
<status status="PASS" starttime="20240801 00:04:03.794" endtime="20240801 00:04:03.794"/>
</kw>
<kw name="PUT" library="RequestsLibrary">
<var>${response}</var>
<arg>${BASE_URL}/${OBJECT_ID}</arg>
<arg>json=${data}</arg>
<arg>headers=${headers}</arg>
<doc>Sends a PUT request.</doc>
<msg timestamp="20240801 00:04:04.184" level="INFO">PUT Request : url=https://api.restful-api.dev/objects/ff8081819108ddef01910ad25585047d 
 path_url=/objects/ff8081819108ddef01910ad25585047d 
 headers={'User-Agent': 'python-requests/2.26.0', 'Accept-Encoding': 'gzip, deflate, br', 'Accept': '*/*', 'Connection': 'keep-alive', 'Content-Type': 'application/json', 'Content-Length': '153'} 
 body=b'{"name": "Apple MacBook Pro 16", "data": {"year": "2019", "price": "2049.99", "CPU model": "Intel Core i9", "Hard disk size": "1 TB", "color": "silver"}}' 
 </msg>
<msg timestamp="20240801 00:04:04.184" level="INFO">PUT Response : url=https://api.restful-api.dev/objects/ff8081819108ddef01910ad25585047d 
 status=200, reason= 
 headers={'Date': 'Wed, 31 Jul 2024 22:04:04 GMT', 'Content-Type': 'application/json', 'Transfer-Encoding': 'chunked', 'Connection': 'keep-alive', 'Vary': 'Origin, Access-Control-Request-Method, Access-Control-Request-Headers', 'CF-Cache-Status': 'DYNAMIC', 'Report-To': '{"endpoints":[{"url":"https:\\/\\/a.nel.cloudflare.com\\/report\\/v4?s=fkNOyLED8zozYc%2BolawnyWe28ZWrvF9Itmn7sBwMqUVwgCvdKb1xqUFWfHBK3zHFNLz2JoKKHHdULG0XnCFY89BQzcz7I3c7xesiIkZP6pEZqsst%2FgwTTKwjxndYwQFABY79fiT4MHFREW8r9vyOXSv5"}],"group":"cf-nel","max_age":604800}', 'NEL': '{"success_fraction":0,"report_to":"cf-nel","max_age":604800}', 'Server': 'cloudflare', 'CF-RAY': '8ac0e1cc6c276608-AMS', 'Content-Encoding': 'br', 'alt-svc': 'h3=":443"; ma=86400'} 
 body={"id":"ff8081819108ddef01910ad25585047d","name":"Apple MacBook Pro 16","updatedAt":"2024-07-31T22:04:04.060+00:00","data":{"year":"2019","price":"2049.99","CPU model":"Intel Core i9","Hard disk size":"1 TB","color":"silver"}} 
 </msg>
<msg timestamp="20240801 00:04:04.185" level="INFO">${response} = &lt;Response [200]&gt;</msg>
<status status="PASS" starttime="20240801 00:04:03.794" endtime="20240801 00:04:04.185"/>
</kw>
<kw name="Set Test Variable" library="BuiltIn">
<arg>${response}</arg>
<doc>Makes a variable available everywhere within the scope of the current test.</doc>
<msg timestamp="20240801 00:04:04.186" level="INFO">${response} = &lt;Response [200]&gt;</msg>
<status status="PASS" starttime="20240801 00:04:04.185" endtime="20240801 00:04:04.186"/>
</kw>
<status status="PASS" starttime="20240801 00:04:03.793" endtime="20240801 00:04:04.186"/>
</kw>
<kw name="Then the response status code should be 200">
<kw name="Should Be Equal As Numbers" library="BuiltIn">
<arg>${response.status_code}</arg>
<arg>200</arg>
<doc>Fails if objects are unequal after converting them to real numbers.</doc>
<msg timestamp="20240801 00:04:04.188" level="INFO">Argument types are:
&lt;class 'int'&gt;
&lt;type 'unicode'&gt;</msg>
<status status="PASS" starttime="20240801 00:04:04.187" endtime="20240801 00:04:04.188"/>
</kw>
<status status="PASS" starttime="20240801 00:04:04.187" endtime="20240801 00:04:04.188"/>
</kw>
<kw name="And the response should contain the updated object details">
<kw name="Set Variable" library="BuiltIn">
<var>${json_response}</var>
<arg>${response.json()}</arg>
<doc>Returns the given values which can then be assigned to a variables.</doc>
<msg timestamp="20240801 00:04:04.189" level="INFO">${json_response} = {'id': 'ff8081819108ddef01910ad25585047d', 'name': 'Apple MacBook Pro 16', 'updatedAt': '2024-07-31T22:04:04.060+00:00', 'data': {'year': '2019', 'price': '2049.99', 'CPU model': 'Intel Core i9', 'Har...</msg>
<status status="PASS" starttime="20240801 00:04:04.189" endtime="20240801 00:04:04.189"/>
</kw>
<kw name="Dictionary Should Contain Key" library="Collections">
<arg>${json_response}</arg>
<arg>id</arg>
<doc>Fails if ``key`` is not found from ``dictionary``.</doc>
<status status="PASS" starttime="20240801 00:04:04.189" endtime="20240801 00:04:04.190"/>
</kw>
<kw name="Dictionary Should Contain Key" library="Collections">
<arg>${json_response}</arg>
<arg>name</arg>
<doc>Fails if ``key`` is not found from ``dictionary``.</doc>
<status status="PASS" starttime="20240801 00:04:04.190" endtime="20240801 00:04:04.190"/>
</kw>
<kw name="Dictionary Should Contain Key" library="Collections">
<arg>${json_response}</arg>
<arg>updatedAt</arg>
<doc>Fails if ``key`` is not found from ``dictionary``.</doc>
<status status="PASS" starttime="20240801 00:04:04.190" endtime="20240801 00:04:04.190"/>
</kw>
<kw name="Dictionary Should Contain Key" library="Collections">
<arg>${json_response}</arg>
<arg>data</arg>
<doc>Fails if ``key`` is not found from ``dictionary``.</doc>
<status status="PASS" starttime="20240801 00:04:04.190" endtime="20240801 00:04:04.190"/>
</kw>
<kw name="Should Be Equal" library="BuiltIn">
<arg>${json_response}[name]</arg>
<arg>Apple MacBook Pro 16</arg>
<doc>Fails if the given objects are unequal.</doc>
<status status="PASS" starttime="20240801 00:04:04.190" endtime="20240801 00:04:04.191"/>
</kw>
<kw name="Should Be Equal As Integers" library="BuiltIn">
<arg>${json_response}[data][year]</arg>
<arg>2019</arg>
<doc>Fails if objects are unequal after converting them to integers.</doc>
<status status="PASS" starttime="20240801 00:04:04.191" endtime="20240801 00:04:04.191"/>
</kw>
<kw name="Should Be Equal As Numbers" library="BuiltIn">
<arg>${json_response}[data][price]</arg>
<arg>2049.99</arg>
<doc>Fails if objects are unequal after converting them to real numbers.</doc>
<status status="PASS" starttime="20240801 00:04:04.191" endtime="20240801 00:04:04.191"/>
</kw>
<kw name="Should Be Equal" library="BuiltIn">
<arg>${json_response}[data][CPU model]</arg>
<arg>Intel Core i9</arg>
<doc>Fails if the given objects are unequal.</doc>
<status status="PASS" starttime="20240801 00:04:04.191" endtime="20240801 00:04:04.191"/>
</kw>
<kw name="Should Be Equal" library="BuiltIn">
<arg>${json_response}[data][color]</arg>
<arg>silver</arg>
<doc>Fails if the given objects are unequal.</doc>
<status status="PASS" starttime="20240801 00:04:04.191" endtime="20240801 00:04:04.192"/>
</kw>
<status status="PASS" starttime="20240801 00:04:04.188" endtime="20240801 00:04:04.192"/>
</kw>
<doc>Quick test to verify updating an existing object</doc>
<status status="PASS" starttime="20240801 00:04:03.792" endtime="20240801 00:04:04.192"/>
</test>
<test id="s1-t4" name="Smoke Test: Delete Existing Object">
<kw name="Given the API is accessible">
<kw name="No Operation" library="BuiltIn">
<doc>Does absolutely nothing.</doc>
<status status="PASS" starttime="20240801 00:04:04.193" endtime="20240801 00:04:04.193"/>
</kw>
<status status="PASS" starttime="20240801 00:04:04.193" endtime="20240801 00:04:04.193"/>
</kw>
<kw name="When I send a DELETE request to delete an existing object">
<kw name="DELETE" library="RequestsLibrary">
<var>${response}</var>
<arg>${BASE_URL}/${OBJECT_ID}</arg>
<doc>Sends a DELETE request.</doc>
<msg timestamp="20240801 00:04:04.578" level="INFO">DELETE Request : url=https://api.restful-api.dev/objects/ff8081819108ddef01910ad25585047d 
 path_url=/objects/ff8081819108ddef01910ad25585047d 
 headers={'User-Agent': 'python-requests/2.26.0', 'Accept-Encoding': 'gzip, deflate, br', 'Accept': '*/*', 'Connection': 'keep-alive', 'Content-Length': '0'} 
 body=None 
 </msg>
<msg timestamp="20240801 00:04:04.578" level="INFO">DELETE Response : url=https://api.restful-api.dev/objects/ff8081819108ddef01910ad25585047d 
 status=200, reason= 
 headers={'Date': 'Wed, 31 Jul 2024 22:04:04 GMT', 'Content-Type': 'application/json', 'Transfer-Encoding': 'chunked', 'Connection': 'keep-alive', 'Vary': 'Origin, Access-Control-Request-Method, Access-Control-Request-Headers', 'CF-Cache-Status': 'DYNAMIC', 'Report-To': '{"endpoints":[{"url":"https:\\/\\/a.nel.cloudflare.com\\/report\\/v4?s=RkeWTKyssiWVqg%2FWJFUv%2BLYztdICkZG4YrJonAObenfUOapuFTysl6vyrMSIxp6ixuOJZSD0VrFn4xhr8uGaGKacGZGosGonngaJ78Xkw31Q3n8anmNLFPxQoliyJKBM7ebo2KJZQJTLyFd6o8OMVsTd"}],"group":"cf-nel","max_age":604800}', 'NEL': '{"success_fraction":0,"report_to":"cf-nel","max_age":604800}', 'Server': 'cloudflare', 'CF-RAY': '8ac0e1cee9e50a63-AMS', 'Content-Encoding': 'br', 'alt-svc': 'h3=":443"; ma=86400'} 
 body={"message":"Object with id = ff8081819108ddef01910ad25585047d has been deleted."} 
 </msg>
<msg timestamp="20240801 00:04:04.580" level="INFO">${response} = &lt;Response [200]&gt;</msg>
<status status="PASS" starttime="20240801 00:04:04.194" endtime="20240801 00:04:04.580"/>
</kw>
<kw name="Set Test Variable" library="BuiltIn">
<arg>${response}</arg>
<doc>Makes a variable available everywhere within the scope of the current test.</doc>
<msg timestamp="20240801 00:04:04.581" level="INFO">${response} = &lt;Response [200]&gt;</msg>
<status status="PASS" starttime="20240801 00:04:04.581" endtime="20240801 00:04:04.581"/>
</kw>
<status status="PASS" starttime="20240801 00:04:04.194" endtime="20240801 00:04:04.581"/>
</kw>
<kw name="Then the response status code should be 200">
<kw name="Should Be Equal As Numbers" library="BuiltIn">
<arg>${response.status_code}</arg>
<arg>200</arg>
<doc>Fails if objects are unequal after converting them to real numbers.</doc>
<msg timestamp="20240801 00:04:04.583" level="INFO">Argument types are:
&lt;class 'int'&gt;
&lt;type 'unicode'&gt;</msg>
<status status="PASS" starttime="20240801 00:04:04.582" endtime="20240801 00:04:04.583"/>
</kw>
<status status="PASS" starttime="20240801 00:04:04.582" endtime="20240801 00:04:04.583"/>
</kw>
<kw name="And the response should confirm the deletion">
<kw name="Set Variable" library="BuiltIn">
<var>${json_response}</var>
<arg>${response.json()}</arg>
<doc>Returns the given values which can then be assigned to a variables.</doc>
<msg timestamp="20240801 00:04:04.584" level="INFO">${json_response} = {'message': 'Object with id = ff8081819108ddef01910ad25585047d has been deleted.'}</msg>
<status status="PASS" starttime="20240801 00:04:04.584" endtime="20240801 00:04:04.585"/>
</kw>
<kw name="Dictionary Should Contain Key" library="Collections">
<arg>${json_response}</arg>
<arg>message</arg>
<doc>Fails if ``key`` is not found from ``dictionary``.</doc>
<status status="PASS" starttime="20240801 00:04:04.585" endtime="20240801 00:04:04.585"/>
</kw>
<kw name="Should Be Equal As Strings" library="BuiltIn">
<arg>${json_response}[message]</arg>
<arg>Object with id = ${OBJECT_ID} has been deleted.</arg>
<doc>Fails if objects are unequal after converting them to strings.</doc>
<status status="PASS" starttime="20240801 00:04:04.585" endtime="20240801 00:04:04.585"/>
</kw>
<status status="PASS" starttime="20240801 00:04:04.583" endtime="20240801 00:04:04.585"/>
</kw>
<doc>Quick test to verify deleting an existing object</doc>
<status status="PASS" starttime="20240801 00:04:04.192" endtime="20240801 00:04:04.586"/>
</test>
<status status="PASS" starttime="20240801 00:04:01.986" endtime="20240801 00:04:04.587"/>
</suite>
<statistics>
<total>
<stat pass="4" fail="0" skip="0">All Tests</stat>
</total>
<tag>
</tag>
<suite>
<stat pass="4" fail="0" skip="0" id="s1" name="Api Smoke Tests">Api Smoke Tests</stat>
</suite>
</statistics>
<errors>
</errors>
</robot>
