<?xml version="1.0" encoding="UTF-8"?>
<robot generator="Robot 4.1.3 (Python 3.9.6 on darwin)" generated="20240801 00:04:06.678" rpa="false" schemaversion="2">
<suite id="s1" name="Api Smoke Tests" source="/Users/alimostafaei/PycharmProjects/Urbanease/Communities_Service_Test/ValueBlue/Api_Testing/Tests/api_smoke_tests.robot">
<kw name="Create Object for Suite" type="SETUP">
<doc>Create an object to be used in all test cases</doc>
<kw name="Create Dictionary" library="BuiltIn">
<var>${nested_data}</var>
<arg>year=2019</arg>
<arg>price=1849.99</arg>
<arg>CPU model=Intel Core i9</arg>
<arg>Hard disk size=1 TB</arg>
<doc>Creates and returns a dictionary based on the given ``items``.</doc>
<msg timestamp="20240801 00:04:06.740" level="INFO">${nested_data} = {'year': '2019', 'price': '1849.99', 'CPU model': 'Intel Core i9', 'Hard disk size': '1 TB'}</msg>
<status status="PASS" starttime="20240801 00:04:06.740" endtime="20240801 00:04:06.740"/>
</kw>
<kw name="Create Dictionary" library="BuiltIn">
<var>${data}</var>
<arg>name=Apple MacBook Pro 16</arg>
<arg>data=${nested_data}</arg>
<doc>Creates and returns a dictionary based on the given ``items``.</doc>
<msg timestamp="20240801 00:04:06.740" level="INFO">${data} = {'name': 'Apple MacBook Pro 16', 'data': {'year': '2019', 'price': '1849.99', 'CPU model': 'Intel Core i9', 'Hard disk size': '1 TB'}}</msg>
<status status="PASS" starttime="20240801 00:04:06.740" endtime="20240801 00:04:06.740"/>
</kw>
<kw name="Create Dictionary" library="BuiltIn">
<var>${headers}</var>
<arg>Content-Type=application/json</arg>
<doc>Creates and returns a dictionary based on the given ``items``.</doc>
<msg timestamp="20240801 00:04:06.740" level="INFO">${headers} = {'Content-Type': 'application/json'}</msg>
<status status="PASS" starttime="20240801 00:04:06.740" endtime="20240801 00:04:06.740"/>
</kw>
<kw name="POST" library="RequestsLibrary">
<var>${response}</var>
<arg>${BASE_URL}</arg>
<arg>json=${data}</arg>
<arg>headers=${headers}</arg>
<doc>Sends a POST request.</doc>
<msg timestamp="20240801 00:04:07.086" level="INFO">POST Request : url=https://api.restful-api.dev/objects 
 path_url=/objects 
 headers={'User-Agent': 'python-requests/2.26.0', 'Accept-Encoding': 'gzip, deflate, br', 'Accept': '*/*', 'Connection': 'keep-alive', 'Content-Type': 'application/json', 'Content-Length': '134'} 
 body=b'{"name": "Apple MacBook Pro 16", "data": {"year": "2019", "price": "1849.99", "CPU model": "Intel Core i9", "Hard disk size": "1 TB"}}' 
 </msg>
<msg timestamp="20240801 00:04:07.087" level="INFO">POST Response : url=https://api.restful-api.dev/objects 
 status=200, reason= 
 headers={'Date': 'Wed, 31 Jul 2024 22:04:07 GMT', 'Content-Type': 'application/json', 'Transfer-Encoding': 'chunked', 'Connection': 'keep-alive', 'Vary': 'Origin, Access-Control-Request-Method, Access-Control-Request-Headers', 'CF-Cache-Status': 'DYNAMIC', 'Report-To': '{"endpoints":[{"url":"https:\\/\\/a.nel.cloudflare.com\\/report\\/v4?s=KWcozbtQtdj5aJRzsd%2F%2BG0b2oGit%2FTkHEm2b%2BogiLUxPO5nKepviZv54sLINiQlvATXBXz3B0S2jcvEb8BCu4W%2B068VPAsnLhz15k7ASW5TnQUTdrBrG5iJ%2B9oHmz6W4PtC44RQ1%2FM5M7rKE2RsCe0%2BA"}],"group":"cf-nel","max_age":604800}', 'NEL': '{"success_fraction":0,"report_to":"cf-nel","max_age":604800}', 'Server': 'cloudflare', 'CF-RAY': '8ac0e1dec8239f5a-AMS', 'Content-Encoding': 'br', 'alt-svc': 'h3=":443"; ma=86400'} 
 body={"id":"ff8081819108ddef01910ad267ae047f","name":"Apple MacBook Pro 16","createdAt":"2024-07-31T22:04:06.958+00:00","data":{"year":"2019","price":"1849.99","CPU model":"Intel Core i9","Hard disk size":"1 TB"}} 
 </msg>
<msg timestamp="20240801 00:04:07.087" level="INFO">${response} = &lt;Response [200]&gt;</msg>
<status status="PASS" starttime="20240801 00:04:06.740" endtime="20240801 00:04:07.087"/>
</kw>
<kw name="Should Be Equal As Numbers" library="BuiltIn">
<arg>${response.status_code}</arg>
<arg>200</arg>
<doc>Fails if objects are unequal after converting them to real numbers.</doc>
<msg timestamp="20240801 00:04:07.088" level="INFO">Argument types are:
&lt;class 'int'&gt;
&lt;type 'unicode'&gt;</msg>
<status status="PASS" starttime="20240801 00:04:07.087" endtime="20240801 00:04:07.088"/>
</kw>
<kw name="Set Variable" library="BuiltIn">
<var>${json_response}</var>
<arg>${response.json()}</arg>
<doc>Returns the given values which can then be assigned to a variables.</doc>
<msg timestamp="20240801 00:04:07.088" level="INFO">${json_response} = {'id': 'ff8081819108ddef01910ad267ae047f', 'name': 'Apple MacBook Pro 16', 'createdAt': '2024-07-31T22:04:06.958+00:00', 'data': {'year': '2019', 'price': '1849.99', 'CPU model': 'Intel Core i9', 'Har...</msg>
<status status="PASS" starttime="20240801 00:04:07.088" endtime="20240801 00:04:07.088"/>
</kw>
<kw name="Set Variable" library="BuiltIn">
<var>${object_id}</var>
<arg>${json_response}[id]</arg>
<doc>Returns the given values which can then be assigned to a variables.</doc>
<msg timestamp="20240801 00:04:07.088" level="INFO">${object_id} = ff8081819108ddef01910ad267ae047f</msg>
<status status="PASS" starttime="20240801 00:04:07.088" endtime="20240801 00:04:07.088"/>
</kw>
<kw name="Set Suite Variable" library="BuiltIn">
<arg>${OBJECT_ID}</arg>
<arg>${object_id}</arg>
<doc>Makes a variable available everywhere within the scope of the current suite.</doc>
<msg timestamp="20240801 00:04:07.089" level="INFO">${OBJECT_ID} = ff8081819108ddef01910ad267ae047f</msg>
<status status="PASS" starttime="20240801 00:04:07.088" endtime="20240801 00:04:07.089"/>
</kw>
<kw name="Log" library="BuiltIn">
<arg>Created object with ID: ${OBJECT_ID}</arg>
<doc>Logs the given message with the given level.</doc>
<msg timestamp="20240801 00:04:07.089" level="INFO">Created object with ID: ff8081819108ddef01910ad267ae047f</msg>
<status status="PASS" starttime="20240801 00:04:07.089" endtime="20240801 00:04:07.089"/>
</kw>
<status status="PASS" starttime="20240801 00:04:06.740" endtime="20240801 00:04:07.089"/>
</kw>
<test id="s1-t1" name="Smoke Test: Retrieve Objects">
<kw name="Given the API is accessible">
<kw name="No Operation" library="BuiltIn">
<doc>Does absolutely nothing.</doc>
<status status="PASS" starttime="20240801 00:04:07.090" endtime="20240801 00:04:07.090"/>
</kw>
<status status="PASS" starttime="20240801 00:04:07.089" endtime="20240801 00:04:07.090"/>
</kw>
<kw name="When I send a GET request to retrieve objects">
<kw name="GET" library="RequestsLibrary">
<var>${response}</var>
<arg>${BASE_URL}</arg>
<doc>Sends a GET request.</doc>
<msg timestamp="20240801 00:04:07.653" level="INFO">GET Request : url=https://api.restful-api.dev/objects 
 path_url=/objects 
 headers={'User-Agent': 'python-requests/2.26.0', 'Accept-Encoding': 'gzip, deflate, br', 'Accept': '*/*', 'Connection': 'keep-alive'} 
 body=None 
 </msg>
<msg timestamp="20240801 00:04:07.653" level="INFO">GET Response : url=https://api.restful-api.dev/objects 
 status=200, reason= 
 headers={'Date': 'Wed, 31 Jul 2024 22:04:07 GMT', 'Content-Type': 'application/json', 'Transfer-Encoding': 'chunked', 'Connection': 'keep-alive', 'Vary': 'Origin, Access-Control-Request-Method, Access-Control-Request-Headers', 'CF-Cache-Status': 'DYNAMIC', 'Report-To': '{"endpoints":[{"url":"https:\\/\\/a.nel.cloudflare.com\\/report\\/v4?s=42g8kQ4yXb0u4Q%2FFp301q7POLJKiX4czlly3v442yhIc46wEm8GAFefArfBwRzuh1r1SVlNujlH%2Bl%2BxDh9ns0F0f6YUGJ7%2Bl3s1FGiftSOkn6H2MOCc2BTSWHatZwv009TuLhDkypnIB1E2avUWckpu7"}],"group":"cf-nel","max_age":604800}', 'NEL': '{"success_fraction":0,"report_to":"cf-nel","max_age":604800}', 'Server': 'cloudflare', 'CF-RAY': '8ac0e1e109629fc9-AMS', 'Content-Encoding': 'br', 'alt-svc': 'h3=":443"; ma=86400'} 
 body=[{"id":"1","name":"Google Pixel 6 Pro","data":{"color":"Cloudy White","capacity":"128 GB"}},{"id":"2","name":"Apple iPhone 12 Mini, 256GB, Blue","data":null},{"id":"3","name":"Apple iPhone 12 Pro Max","data":{"color":"Cloudy White","capacity GB":512}},{"id":"4","name":"Apple iPhone 11, 64GB","data":{"price":389.99,"color":"Purple"}},{"id":"5","name":"Samsung Galaxy Z Fold2","data":{"price":689.99,"color":"Brown"}},{"id":"6","name":"Apple AirPods","data":{"generation":"3rd","price":120}},{"id":"7","name":"Apple MacBook Pro 16","data":{"year":2019,"price":1849.99,"CPU model":"Intel Core i9","Hard disk size":"1 TB"}},{"id":"8","name":"Apple Watch Series 8","data":{"Strap Colour":"Elderberry","Case Size":"41mm"}},{"id":"9","name":"Beats Studio3 Wireless","data":{"Color":"Red","Description":"High-performance wireless noise cancelling headphones"}},{"id":"10","name":"Apple iPad Mini 5th Gen","data":{"Capacity":"64 GB","Screen size":7.9}},{"id":"11","name":"Apple iPad Mini 5th Gen","data":{"Capacity":"254 GB","Screen size":7.9}},{"id":"12","name":"Apple iPad Air","data":{"Generation":"4th","Price":"419.99","Capacity":"64 GB"}},{"id":"13","name":"Apple iPad Air","data":{"Generation":"4th","Price":"519.99","Capacity":"256 GB"}}] 
 </msg>
<msg timestamp="20240801 00:04:07.654" level="INFO">${response} = &lt;Response [200]&gt;</msg>
<status status="PASS" starttime="20240801 00:04:07.090" endtime="20240801 00:04:07.654"/>
</kw>
<kw name="Set Test Variable" library="BuiltIn">
<arg>${response}</arg>
<doc>Makes a variable available everywhere within the scope of the current test.</doc>
<msg timestamp="20240801 00:04:07.655" level="INFO">${response} = &lt;Response [200]&gt;</msg>
<status status="PASS" starttime="20240801 00:04:07.654" endtime="20240801 00:04:07.655"/>
</kw>
<status status="PASS" starttime="20240801 00:04:07.090" endtime="20240801 00:04:07.655"/>
</kw>
<kw name="Then the response status code should be 200">
<kw name="Should Be Equal As Numbers" library="BuiltIn">
<arg>${response.status_code}</arg>
<arg>200</arg>
<doc>Fails if objects are unequal after converting them to real numbers.</doc>
<msg timestamp="20240801 00:04:07.657" level="INFO">Argument types are:
&lt;class 'int'&gt;
&lt;type 'unicode'&gt;</msg>
<status status="PASS" starttime="20240801 00:04:07.656" endtime="20240801 00:04:07.657"/>
</kw>
<status status="PASS" starttime="20240801 00:04:07.656" endtime="20240801 00:04:07.657"/>
</kw>
<kw name="And the first object should have the correct structure">
<kw name="Set Variable" library="BuiltIn">
<var>${first_object}</var>
<arg>${response.json()}[0]</arg>
<doc>Returns the given values which can then be assigned to a variables.</doc>
<msg timestamp="20240801 00:04:07.659" level="INFO">${first_object} = {'id': '1', 'name': 'Google Pixel 6 Pro', 'data': {'color': 'Cloudy White', 'capacity': '128 GB'}}</msg>
<status status="PASS" starttime="20240801 00:04:07.658" endtime="20240801 00:04:07.659"/>
</kw>
<kw name="Dictionary Should Contain Key" library="Collections">
<arg>${first_object}</arg>
<arg>id</arg>
<doc>Fails if ``key`` is not found from ``dictionary``.</doc>
<status status="PASS" starttime="20240801 00:04:07.659" endtime="20240801 00:04:07.659"/>
</kw>
<kw name="Dictionary Should Contain Key" library="Collections">
<arg>${first_object}</arg>
<arg>name</arg>
<doc>Fails if ``key`` is not found from ``dictionary``.</doc>
<status status="PASS" starttime="20240801 00:04:07.659" endtime="20240801 00:04:07.659"/>
</kw>
<kw name="Dictionary Should Contain Key" library="Collections">
<arg>${first_object}</arg>
<arg>data</arg>
<doc>Fails if ``key`` is not found from ``dictionary``.</doc>
<status status="PASS" starttime="20240801 00:04:07.660" endtime="20240801 00:04:07.660"/>
</kw>
<status status="PASS" starttime="20240801 00:04:07.658" endtime="20240801 00:04:07.660"/>
</kw>
<doc>Quick test to verify the GET /objects endpoint</doc>
<status status="PASS" starttime="20240801 00:04:07.089" endtime="20240801 00:04:07.660"/>
</test>
<test id="s1-t2" name="Smoke Test: Create New Object">
<kw name="Given the API is accessible">
<kw name="No Operation" library="BuiltIn">
<doc>Does absolutely nothing.</doc>
<status status="PASS" starttime="20240801 00:04:07.661" endtime="20240801 00:04:07.661"/>
</kw>
<status status="PASS" starttime="20240801 00:04:07.661" endtime="20240801 00:04:07.662"/>
</kw>
<kw name="When I send a POST request to create a new object">
<kw name="Create Dictionary" library="BuiltIn">
<var>${nested_data}</var>
<arg>year=2019</arg>
<arg>price=1849.99</arg>
<arg>CPU model=Intel Core i9</arg>
<arg>Hard disk size=1 TB</arg>
<doc>Creates and returns a dictionary based on the given ``items``.</doc>
<msg timestamp="20240801 00:04:07.662" level="INFO">${nested_data} = {'year': '2019', 'price': '1849.99', 'CPU model': 'Intel Core i9', 'Hard disk size': '1 TB'}</msg>
<status status="PASS" starttime="20240801 00:04:07.662" endtime="20240801 00:04:07.662"/>
</kw>
<kw name="Create Dictionary" library="BuiltIn">
<var>${data}</var>
<arg>name=Apple MacBook Pro 16</arg>
<arg>data=${nested_data}</arg>
<doc>Creates and returns a dictionary based on the given ``items``.</doc>
<msg timestamp="20240801 00:04:07.663" level="INFO">${data} = {'name': 'Apple MacBook Pro 16', 'data': {'year': '2019', 'price': '1849.99', 'CPU model': 'Intel Core i9', 'Hard disk size': '1 TB'}}</msg>
<status status="PASS" starttime="20240801 00:04:07.663" endtime="20240801 00:04:07.663"/>
</kw>
<kw name="Create Dictionary" library="BuiltIn">
<var>${headers}</var>
<arg>Content-Type=application/json</arg>
<doc>Creates and returns a dictionary based on the given ``items``.</doc>
<msg timestamp="20240801 00:04:07.663" level="INFO">${headers} = {'Content-Type': 'application/json'}</msg>
<status status="PASS" starttime="20240801 00:04:07.663" endtime="20240801 00:04:07.663"/>
</kw>
<kw name="POST" library="RequestsLibrary">
<var>${response}</var>
<arg>${BASE_URL}</arg>
<arg>json=${data}</arg>
<arg>headers=${headers}</arg>
<doc>Sends a POST request.</doc>
<msg timestamp="20240801 00:04:08.055" level="INFO">POST Request : url=https://api.restful-api.dev/objects 
 path_url=/objects 
 headers={'User-Agent': 'python-requests/2.26.0', 'Accept-Encoding': 'gzip, deflate, br', 'Accept': '*/*', 'Connection': 'keep-alive', 'Content-Type': 'application/json', 'Content-Length': '134'} 
 body=b'{"name": "Apple MacBook Pro 16", "data": {"year": "2019", "price": "1849.99", "CPU model": "Intel Core i9", "Hard disk size": "1 TB"}}' 
 </msg>
<msg timestamp="20240801 00:04:08.056" level="INFO">POST Response : url=https://api.restful-api.dev/objects 
 status=200, reason= 
 headers={'Date': 'Wed, 31 Jul 2024 22:04:08 GMT', 'Content-Type': 'application/json', 'Transfer-Encoding': 'chunked', 'Connection': 'keep-alive', 'Vary': 'Origin, Access-Control-Request-Method, Access-Control-Request-Headers', 'CF-Cache-Status': 'DYNAMIC', 'Report-To': '{"endpoints":[{"url":"https:\\/\\/a.nel.cloudflare.com\\/report\\/v4?s=Nh2673MFR6mGpZd5Sa0J9ujYUjEalrUeWjDAEWvOlGrRHt074wDLIyhezr%2FYZ%2FdQKu7rPEIPGHMnuSG5r5DME4aciLAH96H0G%2FUhfP7LizPdmwwRuwkskzhmDMoYZQcJCd%2FWwKU4UICG8y2O0atM0%2FT5"}],"group":"cf-nel","max_age":604800}', 'NEL': '{"success_fraction":0,"report_to":"cf-nel","max_age":604800}', 'Server': 'cloudflare', 'CF-RAY': '8ac0e1e49ad366a6-AMS', 'Content-Encoding': 'br', 'alt-svc': 'h3=":443"; ma=86400'} 
 body={"id":"ff8081819108ddef01910ad26b7e0480","name":"Apple MacBook Pro 16","createdAt":"2024-07-31T22:04:07.934+00:00","data":{"year":"2019","price":"1849.99","CPU model":"Intel Core i9","Hard disk size":"1 TB"}} 
 </msg>
<msg timestamp="20240801 00:04:08.056" level="INFO">${response} = &lt;Response [200]&gt;</msg>
<status status="PASS" starttime="20240801 00:04:07.663" endtime="20240801 00:04:08.056"/>
</kw>
<kw name="Set Test Variable" library="BuiltIn">
<arg>${response}</arg>
<doc>Makes a variable available everywhere within the scope of the current test.</doc>
<msg timestamp="20240801 00:04:08.058" level="INFO">${response} = &lt;Response [200]&gt;</msg>
<status status="PASS" starttime="20240801 00:04:08.057" endtime="20240801 00:04:08.058"/>
</kw>
<status status="PASS" starttime="20240801 00:04:07.662" endtime="20240801 00:04:08.058"/>
</kw>
<kw name="Then the response status code should be 200">
<kw name="Should Be Equal As Numbers" library="BuiltIn">
<arg>${response.status_code}</arg>
<arg>200</arg>
<doc>Fails if objects are unequal after converting them to real numbers.</doc>
<msg timestamp="20240801 00:04:08.060" level="INFO">Argument types are:
&lt;class 'int'&gt;
&lt;type 'unicode'&gt;</msg>
<status status="PASS" starttime="20240801 00:04:08.059" endtime="20240801 00:04:08.060"/>
</kw>
<status status="PASS" starttime="20240801 00:04:08.059" endtime="20240801 00:04:08.060"/>
</kw>
<kw name="And the response should contain the created object details">
<kw name="Set Variable" library="BuiltIn">
<var>${json_response}</var>
<arg>${response.json()}</arg>
<doc>Returns the given values which can then be assigned to a variables.</doc>
<msg timestamp="20240801 00:04:08.061" level="INFO">${json_response} = {'id': 'ff8081819108ddef01910ad26b7e0480', 'name': 'Apple MacBook Pro 16', 'createdAt': '2024-07-31T22:04:07.934+00:00', 'data': {'year': '2019', 'price': '1849.99', 'CPU model': 'Intel Core i9', 'Har...</msg>
<status status="PASS" starttime="20240801 00:04:08.060" endtime="20240801 00:04:08.061"/>
</kw>
<kw name="Dictionary Should Contain Key" library="Collections">
<arg>${json_response}</arg>
<arg>id</arg>
<doc>Fails if ``key`` is not found from ``dictionary``.</doc>
<status status="PASS" starttime="20240801 00:04:08.061" endtime="20240801 00:04:08.062"/>
</kw>
<kw name="Dictionary Should Contain Key" library="Collections">
<arg>${json_response}</arg>
<arg>name</arg>
<doc>Fails if ``key`` is not found from ``dictionary``.</doc>
<status status="PASS" starttime="20240801 00:04:08.062" endtime="20240801 00:04:08.062"/>
</kw>
<kw name="Dictionary Should Contain Key" library="Collections">
<arg>${json_response}</arg>
<arg>createdAt</arg>
<doc>Fails if ``key`` is not found from ``dictionary``.</doc>
<status status="PASS" starttime="20240801 00:04:08.062" endtime="20240801 00:04:08.062"/>
</kw>
<kw name="Dictionary Should Contain Key" library="Collections">
<arg>${json_response}</arg>
<arg>data</arg>
<doc>Fails if ``key`` is not found from ``dictionary``.</doc>
<status status="PASS" starttime="20240801 00:04:08.062" endtime="20240801 00:04:08.062"/>
</kw>
<kw name="Should Be Equal" library="BuiltIn">
<arg>${json_response}[name]</arg>
<arg>Apple MacBook Pro 16</arg>
<doc>Fails if the given objects are unequal.</doc>
<status status="PASS" starttime="20240801 00:04:08.062" endtime="20240801 00:04:08.063"/>
</kw>
<kw name="Should Be Equal As Integers" library="BuiltIn">
<arg>${json_response}[data][year]</arg>
<arg>2019</arg>
<doc>Fails if objects are unequal after converting them to integers.</doc>
<status status="PASS" starttime="20240801 00:04:08.063" endtime="20240801 00:04:08.063"/>
</kw>
<kw name="Should Be Equal As Numbers" library="BuiltIn">
<arg>${json_response}[data][price]</arg>
<arg>1849.99</arg>
<doc>Fails if objects are unequal after converting them to real numbers.</doc>
<status status="PASS" starttime="20240801 00:04:08.063" endtime="20240801 00:04:08.064"/>
</kw>
<kw name="Should Be Equal" library="BuiltIn">
<arg>${json_response}[data][CPU model]</arg>
<arg>Intel Core i9</arg>
<doc>Fails if the given objects are unequal.</doc>
<status status="PASS" starttime="20240801 00:04:08.064" endtime="20240801 00:04:08.064"/>
</kw>
<status status="PASS" starttime="20240801 00:04:08.060" endtime="20240801 00:04:08.064"/>
</kw>
<doc>Quick test to verify creating a new object</doc>
<status status="PASS" starttime="20240801 00:04:07.661" endtime="20240801 00:04:08.065"/>
</test>
<test id="s1-t3" name="Smoke Test: Update Existing Object">
<kw name="Given the API is accessible">
<kw name="No Operation" library="BuiltIn">
<doc>Does absolutely nothing.</doc>
<status status="PASS" starttime="20240801 00:04:08.066" endtime="20240801 00:04:08.066"/>
</kw>
<status status="PASS" starttime="20240801 00:04:08.065" endtime="20240801 00:04:08.066"/>
</kw>
<kw name="When I send a PUT request to update an existing object">
<kw name="Create Dictionary" library="BuiltIn">
<var>${nested_data}</var>
<arg>year=2019</arg>
<arg>price=2049.99</arg>
<arg>CPU model=Intel Core i9</arg>
<arg>Hard disk size=1 TB</arg>
<arg>color=silver</arg>
<doc>Creates and returns a dictionary based on the given ``items``.</doc>
<msg timestamp="20240801 00:04:08.066" level="INFO">${nested_data} = {'year': '2019', 'price': '2049.99', 'CPU model': 'Intel Core i9', 'Hard disk size': '1 TB', 'color': 'silver'}</msg>
<status status="PASS" starttime="20240801 00:04:08.066" endtime="20240801 00:04:08.066"/>
</kw>
<kw name="Create Dictionary" library="BuiltIn">
<var>${data}</var>
<arg>name=Apple MacBook Pro 16</arg>
<arg>data=${nested_data}</arg>
<doc>Creates and returns a dictionary based on the given ``items``.</doc>
<msg timestamp="20240801 00:04:08.067" level="INFO">${data} = {'name': 'Apple MacBook Pro 16', 'data': {'year': '2019', 'price': '2049.99', 'CPU model': 'Intel Core i9', 'Hard disk size': '1 TB', 'color': 'silver'}}</msg>
<status status="PASS" starttime="20240801 00:04:08.066" endtime="20240801 00:04:08.067"/>
</kw>
<kw name="Create Dictionary" library="BuiltIn">
<var>${headers}</var>
<arg>Content-Type=application/json</arg>
<doc>Creates and returns a dictionary based on the given ``items``.</doc>
<msg timestamp="20240801 00:04:08.067" level="INFO">${headers} = {'Content-Type': 'application/json'}</msg>
<status status="PASS" starttime="20240801 00:04:08.067" endtime="20240801 00:04:08.067"/>
</kw>
<kw name="PUT" library="RequestsLibrary">
<var>${response}</var>
<arg>${BASE_URL}/${OBJECT_ID}</arg>
<arg>json=${data}</arg>
<arg>headers=${headers}</arg>
<doc>Sends a PUT request.</doc>
<msg timestamp="20240801 00:04:09.041" level="INFO">PUT Request : url=https://api.restful-api.dev/objects/ff8081819108ddef01910ad267ae047f 
 path_url=/objects/ff8081819108ddef01910ad267ae047f 
 headers={'User-Agent': 'python-requests/2.26.0', 'Accept-Encoding': 'gzip, deflate, br', 'Accept': '*/*', 'Connection': 'keep-alive', 'Content-Type': 'application/json', 'Content-Length': '153'} 
 body=b'{"name": "Apple MacBook Pro 16", "data": {"year": "2019", "price": "2049.99", "CPU model": "Intel Core i9", "Hard disk size": "1 TB", "color": "silver"}}' 
 </msg>
<msg timestamp="20240801 00:04:09.041" level="INFO">PUT Response : url=https://api.restful-api.dev/objects/ff8081819108ddef01910ad267ae047f 
 status=200, reason= 
 headers={'Date': 'Wed, 31 Jul 2024 22:04:09 GMT', 'Content-Type': 'application/json', 'Transfer-Encoding': 'chunked', 'Connection': 'keep-alive', 'Vary': 'Origin, Access-Control-Request-Method, Access-Control-Request-Headers', 'CF-Cache-Status': 'DYNAMIC', 'Report-To': '{"endpoints":[{"url":"https:\\/\\/a.nel.cloudflare.com\\/report\\/v4?s=BBuyaovOZ4iBz8%2BspMRLJa35SgVIkwEzQpqPTqrwzVcbm3lPRk7smbLpbAgisWrR9GkaHBywFpdILAM7FrYttexCfGqjC8EXd9SBZBxuOhoAxPw60BlIaiXjxCeHJrA9vFAvO88CV4liTVZN9%2BgQbYIb"}],"group":"cf-nel","max_age":604800}', 'NEL': '{"success_fraction":0,"report_to":"cf-nel","max_age":604800}', 'Server': 'cloudflare', 'CF-RAY': '8ac0e1e72f07b92c-AMS', 'Content-Encoding': 'br', 'alt-svc': 'h3=":443"; ma=86400'} 
 body={"id":"ff8081819108ddef01910ad267ae047f","name":"Apple MacBook Pro 16","updatedAt":"2024-07-31T22:04:08.912+00:00","data":{"year":"2019","price":"2049.99","CPU model":"Intel Core i9","Hard disk size":"1 TB","color":"silver"}} 
 </msg>
<msg timestamp="20240801 00:04:09.042" level="INFO">${response} = &lt;Response [200]&gt;</msg>
<status status="PASS" starttime="20240801 00:04:08.067" endtime="20240801 00:04:09.042"/>
</kw>
<kw name="Set Test Variable" library="BuiltIn">
<arg>${response}</arg>
<doc>Makes a variable available everywhere within the scope of the current test.</doc>
<msg timestamp="20240801 00:04:09.043" level="INFO">${response} = &lt;Response [200]&gt;</msg>
<status status="PASS" starttime="20240801 00:04:09.042" endtime="20240801 00:04:09.043"/>
</kw>
<status status="PASS" starttime="20240801 00:04:08.066" endtime="20240801 00:04:09.044"/>
</kw>
<kw name="Then the response status code should be 200">
<kw name="Should Be Equal As Numbers" library="BuiltIn">
<arg>${response.status_code}</arg>
<arg>200</arg>
<doc>Fails if objects are unequal after converting them to real numbers.</doc>
<msg timestamp="20240801 00:04:09.045" level="INFO">Argument types are:
&lt;class 'int'&gt;
&lt;type 'unicode'&gt;</msg>
<status status="PASS" starttime="20240801 00:04:09.045" endtime="20240801 00:04:09.045"/>
</kw>
<status status="PASS" starttime="20240801 00:04:09.044" endtime="20240801 00:04:09.046"/>
</kw>
<kw name="And the response should contain the updated object details">
<kw name="Set Variable" library="BuiltIn">
<var>${json_response}</var>
<arg>${response.json()}</arg>
<doc>Returns the given values which can then be assigned to a variables.</doc>
<msg timestamp="20240801 00:04:09.047" level="INFO">${json_response} = {'id': 'ff8081819108ddef01910ad267ae047f', 'name': 'Apple MacBook Pro 16', 'updatedAt': '2024-07-31T22:04:08.912+00:00', 'data': {'year': '2019', 'price': '2049.99', 'CPU model': 'Intel Core i9', 'Har...</msg>
<status status="PASS" starttime="20240801 00:04:09.046" endtime="20240801 00:04:09.047"/>
</kw>
<kw name="Dictionary Should Contain Key" library="Collections">
<arg>${json_response}</arg>
<arg>id</arg>
<doc>Fails if ``key`` is not found from ``dictionary``.</doc>
<status status="PASS" starttime="20240801 00:04:09.047" endtime="20240801 00:04:09.047"/>
</kw>
<kw name="Dictionary Should Contain Key" library="Collections">
<arg>${json_response}</arg>
<arg>name</arg>
<doc>Fails if ``key`` is not found from ``dictionary``.</doc>
<status status="PASS" starttime="20240801 00:04:09.047" endtime="20240801 00:04:09.047"/>
</kw>
<kw name="Dictionary Should Contain Key" library="Collections">
<arg>${json_response}</arg>
<arg>updatedAt</arg>
<doc>Fails if ``key`` is not found from ``dictionary``.</doc>
<status status="PASS" starttime="20240801 00:04:09.047" endtime="20240801 00:04:09.047"/>
</kw>
<kw name="Dictionary Should Contain Key" library="Collections">
<arg>${json_response}</arg>
<arg>data</arg>
<doc>Fails if ``key`` is not found from ``dictionary``.</doc>
<status status="PASS" starttime="20240801 00:04:09.047" endtime="20240801 00:04:09.048"/>
</kw>
<kw name="Should Be Equal" library="BuiltIn">
<arg>${json_response}[name]</arg>
<arg>Apple MacBook Pro 16</arg>
<doc>Fails if the given objects are unequal.</doc>
<status status="PASS" starttime="20240801 00:04:09.048" endtime="20240801 00:04:09.048"/>
</kw>
<kw name="Should Be Equal As Integers" library="BuiltIn">
<arg>${json_response}[data][year]</arg>
<arg>2019</arg>
<doc>Fails if objects are unequal after converting them to integers.</doc>
<status status="PASS" starttime="20240801 00:04:09.048" endtime="20240801 00:04:09.048"/>
</kw>
<kw name="Should Be Equal As Numbers" library="BuiltIn">
<arg>${json_response}[data][price]</arg>
<arg>2049.99</arg>
<doc>Fails if objects are unequal after converting them to real numbers.</doc>
<status status="PASS" starttime="20240801 00:04:09.048" endtime="20240801 00:04:09.049"/>
</kw>
<kw name="Should Be Equal" library="BuiltIn">
<arg>${json_response}[data][CPU model]</arg>
<arg>Intel Core i9</arg>
<doc>Fails if the given objects are unequal.</doc>
<status status="PASS" starttime="20240801 00:04:09.049" endtime="20240801 00:04:09.049"/>
</kw>
<kw name="Should Be Equal" library="BuiltIn">
<arg>${json_response}[data][color]</arg>
<arg>silver</arg>
<doc>Fails if the given objects are unequal.</doc>
<status status="PASS" starttime="20240801 00:04:09.049" endtime="20240801 00:04:09.050"/>
</kw>
<status status="PASS" starttime="20240801 00:04:09.046" endtime="20240801 00:04:09.050"/>
</kw>
<doc>Quick test to verify updating an existing object</doc>
<status status="PASS" starttime="20240801 00:04:08.065" endtime="20240801 00:04:09.050"/>
</test>
<test id="s1-t4" name="Smoke Test: Delete Existing Object">
<kw name="Given the API is accessible">
<kw name="No Operation" library="BuiltIn">
<doc>Does absolutely nothing.</doc>
<status status="PASS" starttime="20240801 00:04:09.051" endtime="20240801 00:04:09.051"/>
</kw>
<status status="PASS" starttime="20240801 00:04:09.051" endtime="20240801 00:04:09.051"/>
</kw>
<kw name="When I send a DELETE request to delete an existing object">
<kw name="DELETE" library="RequestsLibrary">
<var>${response}</var>
<arg>${BASE_URL}/${OBJECT_ID}</arg>
<doc>Sends a DELETE request.</doc>
<msg timestamp="20240801 00:04:09.998" level="INFO">DELETE Request : url=https://api.restful-api.dev/objects/ff8081819108ddef01910ad267ae047f 
 path_url=/objects/ff8081819108ddef01910ad267ae047f 
 headers={'User-Agent': 'python-requests/2.26.0', 'Accept-Encoding': 'gzip, deflate, br', 'Accept': '*/*', 'Connection': 'keep-alive', 'Content-Length': '0'} 
 body=None 
 </msg>
<msg timestamp="20240801 00:04:09.998" level="INFO">DELETE Response : url=https://api.restful-api.dev/objects/ff8081819108ddef01910ad267ae047f 
 status=200, reason= 
 headers={'Date': 'Wed, 31 Jul 2024 22:04:10 GMT', 'Content-Type': 'application/json', 'Transfer-Encoding': 'chunked', 'Connection': 'keep-alive', 'Vary': 'Origin, Access-Control-Request-Method, Access-Control-Request-Headers', 'CF-Cache-Status': 'DYNAMIC', 'Report-To': '{"endpoints":[{"url":"https:\\/\\/a.nel.cloudflare.com\\/report\\/v4?s=w3hwF2QjP%2Bcnit9gtN0W6VcAmdy2UMBil21m1dQyCY63O1t%2Bq8WGCbNcgkKCD4R%2BUmWQG2qKntzPJC1SImGr%2BJd1VvmaN9e0oW4KeE3Z2tv1%2B5IEHHHXAzbL3p%2Bnri4PYgapVqECe%2F3frGKERgnGUEUF"}],"group":"cf-nel","max_age":604800}', 'NEL': '{"success_fraction":0,"report_to":"cf-nel","max_age":604800}', 'Server': 'cloudflare', 'CF-RAY': '8ac0e1ed4da9286b-AMS', 'Content-Encoding': 'br', 'alt-svc': 'h3=":443"; ma=86400'} 
 body={"message":"Object with id = ff8081819108ddef01910ad267ae047f has been deleted."} 
 </msg>
<msg timestamp="20240801 00:04:10.000" level="INFO">${response} = &lt;Response [200]&gt;</msg>
<status status="PASS" starttime="20240801 00:04:09.051" endtime="20240801 00:04:10.001"/>
</kw>
<kw name="Set Test Variable" library="BuiltIn">
<arg>${response}</arg>
<doc>Makes a variable available everywhere within the scope of the current test.</doc>
<msg timestamp="20240801 00:04:10.001" level="INFO">${response} = &lt;Response [200]&gt;</msg>
<status status="PASS" starttime="20240801 00:04:10.001" endtime="20240801 00:04:10.002"/>
</kw>
<status status="PASS" starttime="20240801 00:04:09.051" endtime="20240801 00:04:10.002"/>
</kw>
<kw name="Then the response status code should be 200">
<kw name="Should Be Equal As Numbers" library="BuiltIn">
<arg>${response.status_code}</arg>
<arg>200</arg>
<doc>Fails if objects are unequal after converting them to real numbers.</doc>
<msg timestamp="20240801 00:04:10.003" level="INFO">Argument types are:
&lt;class 'int'&gt;
&lt;type 'unicode'&gt;</msg>
<status status="PASS" starttime="20240801 00:04:10.002" endtime="20240801 00:04:10.003"/>
</kw>
<status status="PASS" starttime="20240801 00:04:10.002" endtime="20240801 00:04:10.003"/>
</kw>
<kw name="And the response should confirm the deletion">
<kw name="Set Variable" library="BuiltIn">
<var>${json_response}</var>
<arg>${response.json()}</arg>
<doc>Returns the given values which can then be assigned to a variables.</doc>
<msg timestamp="20240801 00:04:10.004" level="INFO">${json_response} = {'message': 'Object with id = ff8081819108ddef01910ad267ae047f has been deleted.'}</msg>
<status status="PASS" starttime="20240801 00:04:10.003" endtime="20240801 00:04:10.004"/>
</kw>
<kw name="Dictionary Should Contain Key" library="Collections">
<arg>${json_response}</arg>
<arg>message</arg>
<doc>Fails if ``key`` is not found from ``dictionary``.</doc>
<status status="PASS" starttime="20240801 00:04:10.004" endtime="20240801 00:04:10.005"/>
</kw>
<kw name="Should Be Equal As Strings" library="BuiltIn">
<arg>${json_response}[message]</arg>
<arg>Object with id = ${OBJECT_ID} has been deleted.</arg>
<doc>Fails if objects are unequal after converting them to strings.</doc>
<status status="PASS" starttime="20240801 00:04:10.005" endtime="20240801 00:04:10.005"/>
</kw>
<status status="PASS" starttime="20240801 00:04:10.003" endtime="20240801 00:04:10.005"/>
</kw>
<doc>Quick test to verify deleting an existing object</doc>
<status status="PASS" starttime="20240801 00:04:09.050" endtime="20240801 00:04:10.005"/>
</test>
<status status="PASS" starttime="20240801 00:04:06.679" endtime="20240801 00:04:10.006"/>
</suite>
<statistics>
<total>
<stat pass="4" fail="0" skip="0">All Tests</stat>
</total>
<tag>
</tag>
<suite>
<stat pass="4" fail="0" skip="0" id="s1" name="Api Smoke Tests">Api Smoke Tests</stat>
</suite>
</statistics>
<errors>
</errors>
</robot>
