<?xml version="1.0" encoding="UTF-8"?>
<robot generator="Robot 4.1.3 (Python 3.9.6 on darwin)" generated="20240731 23:48:16.536" rpa="false" schemaversion="2">
<suite id="s1" name="Api Smoke Tests" source="/Users/alimostafaei/PycharmProjects/Urbanease/Communities_Service_Test/ValueBlue/Api_Testing/Tests/api_smoke_tests.robot">
<test id="s1-t1" name="Smoke Test: Retrieve Objects">
<kw name="Given the API is accessible" library="Keywords">
<kw name="No Operation" library="BuiltIn">
<doc>Does absolutely nothing.</doc>
<status status="PASS" starttime="20240731 23:48:16.602" endtime="20240731 23:48:16.602"/>
</kw>
<status status="PASS" starttime="20240731 23:48:16.602" endtime="20240731 23:48:16.602"/>
</kw>
<kw name="When I send a GET request to retrieve objects" library="Keywords">
<kw name="GET" library="RequestsLibrary">
<var>${response}</var>
<arg>${BASE_URL}</arg>
<doc>Sends a GET request.</doc>
<msg timestamp="20240731 23:48:17.092" level="INFO">GET Request : url=https://api.restful-api.dev/objects 
 path_url=/objects 
 headers={'User-Agent': 'python-requests/2.26.0', 'Accept-Encoding': 'gzip, deflate, br', 'Accept': '*/*', 'Connection': 'keep-alive'} 
 body=None 
 </msg>
<msg timestamp="20240731 23:48:17.093" level="INFO">GET Response : url=https://api.restful-api.dev/objects 
 status=200, reason= 
 headers={'Date': 'Wed, 31 Jul 2024 21:48:16 GMT', 'Content-Type': 'application/json', 'Transfer-Encoding': 'chunked', 'Connection': 'keep-alive', 'Vary': 'Origin, Access-Control-Request-Method, Access-Control-Request-Headers', 'CF-Cache-Status': 'DYNAMIC', 'Report-To': '{"endpoints":[{"url":"https:\\/\\/a.nel.cloudflare.com\\/report\\/v4?s=KvLIg5ki2COZLX6QxlhmgrY5RJScxHeFc4nfiGMCv9kBDkoF%2BHr7jSlcq50t%2B%2Fkm2FXr0vrNcMIxRWwiUo6cl38Te4wK2OHMhETu%2BmfkL3sMNnczu2TFcCFOs3QMIPrz%2FebygA4%2BrTNET4lEJhjdYBwl"}],"group":"cf-nel","max_age":604800}', 'NEL': '{"success_fraction":0,"report_to":"cf-nel","max_age":604800}', 'Server': 'cloudflare', 'CF-RAY': '8ac0caac7d516616-AMS', 'Content-Encoding': 'br', 'alt-svc': 'h3=":443"; ma=86400'} 
 body=[{"id":"1","name":"Google Pixel 6 Pro","data":{"color":"Cloudy White","capacity":"128 GB"}},{"id":"2","name":"Apple iPhone 12 Mini, 256GB, Blue","data":null},{"id":"3","name":"Apple iPhone 12 Pro Max","data":{"color":"Cloudy White","capacity GB":512}},{"id":"4","name":"Apple iPhone 11, 64GB","data":{"price":389.99,"color":"Purple"}},{"id":"5","name":"Samsung Galaxy Z Fold2","data":{"price":689.99,"color":"Brown"}},{"id":"6","name":"Apple AirPods","data":{"generation":"3rd","price":120}},{"id":"7","name":"Apple MacBook Pro 16","data":{"year":2019,"price":1849.99,"CPU model":"Intel Core i9","Hard disk size":"1 TB"}},{"id":"8","name":"Apple Watch Series 8","data":{"Strap Colour":"Elderberry","Case Size":"41mm"}},{"id":"9","name":"Beats Studio3 Wireless","data":{"Color":"Red","Description":"High-performance wireless noise cancelling headphones"}},{"id":"10","name":"Apple iPad Mini 5th Gen","data":{"Capacity":"64 GB","Screen size":7.9}},{"id":"11","name":"Apple iPad Mini 5th Gen","data":{"Capacity":"254 GB","Screen size":7.9}},{"id":"12","name":"Apple iPad Air","data":{"Generation":"4th","Price":"419.99","Capacity":"64 GB"}},{"id":"13","name":"Apple iPad Air","data":{"Generation":"4th","Price":"519.99","Capacity":"256 GB"}}] 
 </msg>
<msg timestamp="20240731 23:48:17.093" level="INFO">${response} = &lt;Response [200]&gt;</msg>
<status status="PASS" starttime="20240731 23:48:16.602" endtime="20240731 23:48:17.093"/>
</kw>
<kw name="Set Test Variable" library="BuiltIn">
<arg>${response}</arg>
<doc>Makes a variable available everywhere within the scope of the current test.</doc>
<msg timestamp="20240731 23:48:17.094" level="INFO">${response} = &lt;Response [200]&gt;</msg>
<status status="PASS" starttime="20240731 23:48:17.094" endtime="20240731 23:48:17.095"/>
</kw>
<status status="PASS" starttime="20240731 23:48:16.602" endtime="20240731 23:48:17.095"/>
</kw>
<kw name="Then the response status code should be 200" library="Keywords">
<kw name="Should Be Equal As Numbers" library="BuiltIn">
<arg>${response.status_code}</arg>
<arg>200</arg>
<doc>Fails if objects are unequal after converting them to real numbers.</doc>
<msg timestamp="20240731 23:48:17.097" level="INFO">Argument types are:
&lt;class 'int'&gt;
&lt;type 'unicode'&gt;</msg>
<status status="PASS" starttime="20240731 23:48:17.096" endtime="20240731 23:48:17.097"/>
</kw>
<status status="PASS" starttime="20240731 23:48:17.095" endtime="20240731 23:48:17.097"/>
</kw>
<kw name="And the first object should have the correct structure" library="Keywords">
<kw name="Set Variable" library="BuiltIn">
<var>${first_object}</var>
<arg>${response.json()}[0]</arg>
<doc>Returns the given values which can then be assigned to a variables.</doc>
<msg timestamp="20240731 23:48:17.098" level="INFO">${first_object} = {'id': '1', 'name': 'Google Pixel 6 Pro', 'data': {'color': 'Cloudy White', 'capacity': '128 GB'}}</msg>
<status status="PASS" starttime="20240731 23:48:17.098" endtime="20240731 23:48:17.098"/>
</kw>
<kw name="Dictionary Should Contain Key" library="Collections">
<arg>${first_object}</arg>
<arg>id</arg>
<doc>Fails if ``key`` is not found from ``dictionary``.</doc>
<status status="PASS" starttime="20240731 23:48:17.099" endtime="20240731 23:48:17.099"/>
</kw>
<kw name="Dictionary Should Contain Key" library="Collections">
<arg>${first_object}</arg>
<arg>name</arg>
<doc>Fails if ``key`` is not found from ``dictionary``.</doc>
<status status="PASS" starttime="20240731 23:48:17.099" endtime="20240731 23:48:17.099"/>
</kw>
<kw name="Dictionary Should Contain Key" library="Collections">
<arg>${first_object}</arg>
<arg>data</arg>
<doc>Fails if ``key`` is not found from ``dictionary``.</doc>
<status status="PASS" starttime="20240731 23:48:17.099" endtime="20240731 23:48:17.099"/>
</kw>
<status status="PASS" starttime="20240731 23:48:17.097" endtime="20240731 23:48:17.100"/>
</kw>
<doc>Quick test to verify the GET /objects endpoint</doc>
<status status="PASS" starttime="20240731 23:48:16.601" endtime="20240731 23:48:17.100"/>
</test>
<test id="s1-t2" name="Smoke Test: Create New Object">
<kw name="Given the API is accessible" library="Keywords">
<kw name="No Operation" library="BuiltIn">
<doc>Does absolutely nothing.</doc>
<status status="PASS" starttime="20240731 23:48:17.101" endtime="20240731 23:48:17.101"/>
</kw>
<status status="PASS" starttime="20240731 23:48:17.101" endtime="20240731 23:48:17.101"/>
</kw>
<kw name="When I send a POST request to create a new object" library="Keywords">
<kw name="Create Dictionary" library="BuiltIn">
<var>${nested_data}</var>
<arg>year= 2019</arg>
<arg>price= 1849.99</arg>
<arg>CPU model=Intel Core i9</arg>
<arg>Hard disk size= 1 TB</arg>
<doc>Creates and returns a dictionary based on the given ``items``.</doc>
<msg timestamp="20240731 23:48:17.102" level="INFO">${nested_data} = {'year': ' 2019', 'price': ' 1849.99', 'CPU model': 'Intel Core i9', 'Hard disk size': ' 1 TB'}</msg>
<status status="PASS" starttime="20240731 23:48:17.102" endtime="20240731 23:48:17.102"/>
</kw>
<kw name="Create Dictionary" library="BuiltIn">
<var>${data}</var>
<arg>name=Apple MacBook Pro 16</arg>
<arg>data=${nested_data}</arg>
<doc>Creates and returns a dictionary based on the given ``items``.</doc>
<msg timestamp="20240731 23:48:17.102" level="INFO">${data} = {'name': 'Apple MacBook Pro 16', 'data': {'year': ' 2019', 'price': ' 1849.99', 'CPU model': 'Intel Core i9', 'Hard disk size': ' 1 TB'}}</msg>
<status status="PASS" starttime="20240731 23:48:17.102" endtime="20240731 23:48:17.102"/>
</kw>
<kw name="Create Dictionary" library="BuiltIn">
<var>${headers}</var>
<arg>Content-Type=application/json</arg>
<doc>Creates and returns a dictionary based on the given ``items``.</doc>
<msg timestamp="20240731 23:48:17.103" level="INFO">${headers} = {'Content-Type': 'application/json'}</msg>
<status status="PASS" starttime="20240731 23:48:17.103" endtime="20240731 23:48:17.103"/>
</kw>
<kw name="POST" library="RequestsLibrary">
<var>${response}</var>
<arg>${BASE_URL}</arg>
<arg>json=${data}</arg>
<arg>headers=${headers}</arg>
<doc>Sends a POST request.</doc>
<msg timestamp="20240731 23:48:17.807" level="INFO">POST Request : url=https://api.restful-api.dev/objects 
 path_url=/objects 
 headers={'User-Agent': 'python-requests/2.26.0', 'Accept-Encoding': 'gzip, deflate, br', 'Accept': '*/*', 'Connection': 'keep-alive', 'Content-Type': 'application/json', 'Content-Length': '137'} 
 body=b'{"name": "Apple MacBook Pro 16", "data": {"year": " 2019", "price": " 1849.99", "CPU model": "Intel Core i9", "Hard disk size": " 1 TB"}}' 
 </msg>
<msg timestamp="20240731 23:48:17.807" level="INFO">POST Response : url=https://api.restful-api.dev/objects 
 status=200, reason= 
 headers={'Date': 'Wed, 31 Jul 2024 21:48:17 GMT', 'Content-Type': 'application/json', 'Transfer-Encoding': 'chunked', 'Connection': 'keep-alive', 'Vary': 'Origin, Access-Control-Request-Method, Access-Control-Request-Headers', 'CF-Cache-Status': 'DYNAMIC', 'Report-To': '{"endpoints":[{"url":"https:\\/\\/a.nel.cloudflare.com\\/report\\/v4?s=aFlWKJ6QXJR8wwwszVUKhk3X56YmY931LgUKmXLN8058vapqUU7L4sMhboEw%2B%2BAF4ZxU0WVL%2FgnaSei3QTRgvGZzBDWSs4EV5bTUULbIXQwVz%2Br3ZtzGIf1PsKSeGDOj%2BvY5Us2StTSxShBrokzDgBQ7"}],"group":"cf-nel","max_age":604800}', 'NEL': '{"success_fraction":0,"report_to":"cf-nel","max_age":604800}', 'Server': 'cloudflare', 'CF-RAY': '8ac0caafbbaf9fc0-AMS', 'Content-Encoding': 'br', 'alt-svc': 'h3=":443"; ma=86400'} 
 body={"id":"ff8081819108ddef01910ac3eb49044e","name":"Apple MacBook Pro 16","createdAt":"2024-07-31T21:48:17.609+00:00","data":{"year":" 2019","price":" 1849.99","CPU model":"Intel Core i9","Hard disk size":" 1 TB"}} 
 </msg>
<msg timestamp="20240731 23:48:17.808" level="INFO">${response} = &lt;Response [200]&gt;</msg>
<status status="PASS" starttime="20240731 23:48:17.103" endtime="20240731 23:48:17.808"/>
</kw>
<kw name="Set Test Variable" library="BuiltIn">
<arg>${response}</arg>
<doc>Makes a variable available everywhere within the scope of the current test.</doc>
<msg timestamp="20240731 23:48:17.809" level="INFO">${response} = &lt;Response [200]&gt;</msg>
<status status="PASS" starttime="20240731 23:48:17.808" endtime="20240731 23:48:17.809"/>
</kw>
<status status="PASS" starttime="20240731 23:48:17.101" endtime="20240731 23:48:17.809"/>
</kw>
<kw name="Then the response status code should be 200" library="Keywords">
<kw name="Should Be Equal As Numbers" library="BuiltIn">
<arg>${response.status_code}</arg>
<arg>200</arg>
<doc>Fails if objects are unequal after converting them to real numbers.</doc>
<msg timestamp="20240731 23:48:17.811" level="INFO">Argument types are:
&lt;class 'int'&gt;
&lt;type 'unicode'&gt;</msg>
<status status="PASS" starttime="20240731 23:48:17.810" endtime="20240731 23:48:17.811"/>
</kw>
<status status="PASS" starttime="20240731 23:48:17.810" endtime="20240731 23:48:17.811"/>
</kw>
<kw name="And the response should contain the created object details" library="Keywords">
<kw name="Set Variable" library="BuiltIn">
<var>${json_response}</var>
<arg>${response.json()}</arg>
<doc>Returns the given values which can then be assigned to a variables.</doc>
<msg timestamp="20240731 23:48:17.813" level="INFO">${json_response} = {'id': 'ff8081819108ddef01910ac3eb49044e', 'name': 'Apple MacBook Pro 16', 'createdAt': '2024-07-31T21:48:17.609+00:00', 'data': {'year': ' 2019', 'price': ' 1849.99', 'CPU model': 'Intel Core i9', 'H...</msg>
<status status="PASS" starttime="20240731 23:48:17.812" endtime="20240731 23:48:17.813"/>
</kw>
<kw name="Dictionary Should Contain Key" library="Collections">
<arg>${json_response}</arg>
<arg>id</arg>
<doc>Fails if ``key`` is not found from ``dictionary``.</doc>
<status status="PASS" starttime="20240731 23:48:17.813" endtime="20240731 23:48:17.813"/>
</kw>
<kw name="Dictionary Should Contain Key" library="Collections">
<arg>${json_response}</arg>
<arg>name</arg>
<doc>Fails if ``key`` is not found from ``dictionary``.</doc>
<status status="PASS" starttime="20240731 23:48:17.813" endtime="20240731 23:48:17.813"/>
</kw>
<kw name="Dictionary Should Contain Key" library="Collections">
<arg>${json_response}</arg>
<arg>createdAt</arg>
<doc>Fails if ``key`` is not found from ``dictionary``.</doc>
<status status="PASS" starttime="20240731 23:48:17.814" endtime="20240731 23:48:17.814"/>
</kw>
<kw name="Dictionary Should Contain Key" library="Collections">
<arg>${json_response}</arg>
<arg>data</arg>
<doc>Fails if ``key`` is not found from ``dictionary``.</doc>
<status status="PASS" starttime="20240731 23:48:17.814" endtime="20240731 23:48:17.814"/>
</kw>
<kw name="Should Be Equal" library="BuiltIn">
<arg>${json_response}[name]</arg>
<arg>Apple MacBook Pro 16</arg>
<doc>Fails if the given objects are unequal.</doc>
<status status="PASS" starttime="20240731 23:48:17.814" endtime="20240731 23:48:17.814"/>
</kw>
<kw name="Should Be Equal As Integers" library="BuiltIn">
<arg>${json_response}[data][year]</arg>
<arg>2019</arg>
<doc>Fails if objects are unequal after converting them to integers.</doc>
<status status="PASS" starttime="20240731 23:48:17.814" endtime="20240731 23:48:17.815"/>
</kw>
<kw name="Should Be Equal As Numbers" library="BuiltIn">
<arg>${json_response}[data][price]</arg>
<arg>1849.99</arg>
<doc>Fails if objects are unequal after converting them to real numbers.</doc>
<status status="PASS" starttime="20240731 23:48:17.815" endtime="20240731 23:48:17.815"/>
</kw>
<kw name="Should Be Equal" library="BuiltIn">
<arg>${json_response}[data][CPU model]</arg>
<arg>Intel Core i9</arg>
<doc>Fails if the given objects are unequal.</doc>
<status status="PASS" starttime="20240731 23:48:17.815" endtime="20240731 23:48:17.816"/>
</kw>
<status status="PASS" starttime="20240731 23:48:17.812" endtime="20240731 23:48:17.816"/>
</kw>
<doc>Quick test to verify creating a new object</doc>
<status status="PASS" starttime="20240731 23:48:17.100" endtime="20240731 23:48:17.816"/>
</test>
<test id="s1-t3" name="Smoke Test: Update Existing Object">
<kw name="Given the API is accessible" library="Keywords">
<kw name="No Operation" library="BuiltIn">
<doc>Does absolutely nothing.</doc>
<status status="PASS" starttime="20240731 23:48:17.817" endtime="20240731 23:48:17.817"/>
</kw>
<status status="PASS" starttime="20240731 23:48:17.817" endtime="20240731 23:48:17.817"/>
</kw>
<kw name="When I send a PUT request to update an existing object" library="Keywords">
<kw name="Create Dictionary" library="BuiltIn">
<var>${nested_data}</var>
<arg>year= 2019</arg>
<arg>price= 2049.99</arg>
<arg>CPU model=Intel Core i9</arg>
<arg>Hard disk size= 1 TB</arg>
<arg>color=silver</arg>
<doc>Creates and returns a dictionary based on the given ``items``.</doc>
<msg timestamp="20240731 23:48:17.818" level="INFO">${nested_data} = {'year': ' 2019', 'price': ' 2049.99', 'CPU model': 'Intel Core i9', 'Hard disk size': ' 1 TB', 'color': 'silver'}</msg>
<status status="PASS" starttime="20240731 23:48:17.818" endtime="20240731 23:48:17.818"/>
</kw>
<kw name="Create Dictionary" library="BuiltIn">
<var>${data}</var>
<arg>name=Apple MacBook Pro 16</arg>
<arg>data=${nested_data}</arg>
<doc>Creates and returns a dictionary based on the given ``items``.</doc>
<msg timestamp="20240731 23:48:17.819" level="INFO">${data} = {'name': 'Apple MacBook Pro 16', 'data': {'year': ' 2019', 'price': ' 2049.99', 'CPU model': 'Intel Core i9', 'Hard disk size': ' 1 TB', 'color': 'silver'}}</msg>
<status status="PASS" starttime="20240731 23:48:17.819" endtime="20240731 23:48:17.819"/>
</kw>
<kw name="Create Dictionary" library="BuiltIn">
<var>${headers}</var>
<arg>Content-Type=application/json</arg>
<doc>Creates and returns a dictionary based on the given ``items``.</doc>
<msg timestamp="20240731 23:48:17.819" level="INFO">${headers} = {'Content-Type': 'application/json'}</msg>
<status status="PASS" starttime="20240731 23:48:17.819" endtime="20240731 23:48:17.819"/>
</kw>
<kw name="Set Variable" library="BuiltIn">
<var>${object_id}</var>
<arg>ff8081819108ddef01910aa9145f041c</arg>
<doc>Returns the given values which can then be assigned to a variables.</doc>
<msg timestamp="20240731 23:48:17.819" level="INFO">${object_id} = ff8081819108ddef01910aa9145f041c</msg>
<status status="PASS" starttime="20240731 23:48:17.819" endtime="20240731 23:48:17.819"/>
</kw>
<kw name="PUT" library="RequestsLibrary">
<var>${response}</var>
<arg>${BASE_URL}/${object_id}</arg>
<arg>json=${data}</arg>
<arg>headers=${headers}</arg>
<doc>Sends a PUT request.</doc>
<msg timestamp="20240731 23:48:18.179" level="INFO">PUT Request : url=https://api.restful-api.dev/objects/ff8081819108ddef01910aa9145f041c 
 path_url=/objects/ff8081819108ddef01910aa9145f041c 
 headers={'User-Agent': 'python-requests/2.26.0', 'Accept-Encoding': 'gzip, deflate, br', 'Accept': '*/*', 'Connection': 'keep-alive', 'Content-Type': 'application/json', 'Content-Length': '156'} 
 body=b'{"name": "Apple MacBook Pro 16", "data": {"year": " 2019", "price": " 2049.99", "CPU model": "Intel Core i9", "Hard disk size": " 1 TB", "color": "silver"}}' 
 </msg>
<msg timestamp="20240731 23:48:18.180" level="INFO">PUT Response : url=https://api.restful-api.dev/objects/ff8081819108ddef01910aa9145f041c 
 status=200, reason= 
 headers={'Date': 'Wed, 31 Jul 2024 21:48:18 GMT', 'Content-Type': 'application/json', 'Transfer-Encoding': 'chunked', 'Connection': 'keep-alive', 'Vary': 'Origin, Access-Control-Request-Method, Access-Control-Request-Headers', 'CF-Cache-Status': 'DYNAMIC', 'Report-To': '{"endpoints":[{"url":"https:\\/\\/a.nel.cloudflare.com\\/report\\/v4?s=c6WmsNPX6ISiMkrMPDj%2BJ2Gpow9YNeZQ46bzYBYlBsa0PpRtLW8gfkrj2QNdERkmCJtEz8ZzUs33I%2B9RkRQVoktCEdqBsQXqpWvt2S3xJA1pUBA6mBWkXUv2EATAyPVAP8IyHGDUlM7nyn1jX09zhw1D"}],"group":"cf-nel","max_age":604800}', 'NEL': '{"success_fraction":0,"report_to":"cf-nel","max_age":604800}', 'Server': 'cloudflare', 'CF-RAY': '8ac0cab41fe2775e-AMS', 'Content-Encoding': 'br', 'alt-svc': 'h3=":443"; ma=86400'} 
 body={"id":"ff8081819108ddef01910aa9145f041c","name":"Apple MacBook Pro 16","updatedAt":"2024-07-31T21:48:18.056+00:00","data":{"year":" 2019","price":" 2049.99","CPU model":"Intel Core i9","Hard disk size":" 1 TB","color":"silver"}} 
 </msg>
<msg timestamp="20240731 23:48:18.180" level="INFO">${response} = &lt;Response [200]&gt;</msg>
<status status="PASS" starttime="20240731 23:48:17.820" endtime="20240731 23:48:18.180"/>
</kw>
<kw name="Set Test Variable" library="BuiltIn">
<arg>${response}</arg>
<doc>Makes a variable available everywhere within the scope of the current test.</doc>
<msg timestamp="20240731 23:48:18.182" level="INFO">${response} = &lt;Response [200]&gt;</msg>
<status status="PASS" starttime="20240731 23:48:18.181" endtime="20240731 23:48:18.182"/>
</kw>
<status status="PASS" starttime="20240731 23:48:17.818" endtime="20240731 23:48:18.182"/>
</kw>
<kw name="Then the response status code should be 200" library="Keywords">
<kw name="Should Be Equal As Numbers" library="BuiltIn">
<arg>${response.status_code}</arg>
<arg>200</arg>
<doc>Fails if objects are unequal after converting them to real numbers.</doc>
<msg timestamp="20240731 23:48:18.184" level="INFO">Argument types are:
&lt;class 'int'&gt;
&lt;type 'unicode'&gt;</msg>
<status status="PASS" starttime="20240731 23:48:18.183" endtime="20240731 23:48:18.184"/>
</kw>
<status status="PASS" starttime="20240731 23:48:18.183" endtime="20240731 23:48:18.184"/>
</kw>
<kw name="And the response should contain the updated object details" library="Keywords">
<kw name="Set Variable" library="BuiltIn">
<var>${json_response}</var>
<arg>${response.json()}</arg>
<doc>Returns the given values which can then be assigned to a variables.</doc>
<msg timestamp="20240731 23:48:18.185" level="INFO">${json_response} = {'id': 'ff8081819108ddef01910aa9145f041c', 'name': 'Apple MacBook Pro 16', 'updatedAt': '2024-07-31T21:48:18.056+00:00', 'data': {'year': ' 2019', 'price': ' 2049.99', 'CPU model': 'Intel Core i9', 'H...</msg>
<status status="PASS" starttime="20240731 23:48:18.185" endtime="20240731 23:48:18.185"/>
</kw>
<kw name="Dictionary Should Contain Key" library="Collections">
<arg>${json_response}</arg>
<arg>id</arg>
<doc>Fails if ``key`` is not found from ``dictionary``.</doc>
<status status="PASS" starttime="20240731 23:48:18.185" endtime="20240731 23:48:18.186"/>
</kw>
<kw name="Dictionary Should Contain Key" library="Collections">
<arg>${json_response}</arg>
<arg>name</arg>
<doc>Fails if ``key`` is not found from ``dictionary``.</doc>
<status status="PASS" starttime="20240731 23:48:18.186" endtime="20240731 23:48:18.186"/>
</kw>
<kw name="Dictionary Should Contain Key" library="Collections">
<arg>${json_response}</arg>
<arg>updatedAt</arg>
<doc>Fails if ``key`` is not found from ``dictionary``.</doc>
<status status="PASS" starttime="20240731 23:48:18.186" endtime="20240731 23:48:18.186"/>
</kw>
<kw name="Dictionary Should Contain Key" library="Collections">
<arg>${json_response}</arg>
<arg>data</arg>
<doc>Fails if ``key`` is not found from ``dictionary``.</doc>
<status status="PASS" starttime="20240731 23:48:18.186" endtime="20240731 23:48:18.186"/>
</kw>
<kw name="Should Be Equal" library="BuiltIn">
<arg>${json_response}[name]</arg>
<arg>Apple MacBook Pro 16</arg>
<doc>Fails if the given objects are unequal.</doc>
<status status="PASS" starttime="20240731 23:48:18.186" endtime="20240731 23:48:18.187"/>
</kw>
<kw name="Should Be Equal As Integers" library="BuiltIn">
<arg>${json_response}[data][year]</arg>
<arg>2019</arg>
<doc>Fails if objects are unequal after converting them to integers.</doc>
<status status="PASS" starttime="20240731 23:48:18.187" endtime="20240731 23:48:18.187"/>
</kw>
<kw name="Should Be Equal As Numbers" library="BuiltIn">
<arg>${json_response}[data][price]</arg>
<arg>2049.99</arg>
<doc>Fails if objects are unequal after converting them to real numbers.</doc>
<status status="PASS" starttime="20240731 23:48:18.187" endtime="20240731 23:48:18.188"/>
</kw>
<kw name="Should Be Equal" library="BuiltIn">
<arg>${json_response}[data][CPU model]</arg>
<arg>Intel Core i9</arg>
<doc>Fails if the given objects are unequal.</doc>
<status status="PASS" starttime="20240731 23:48:18.188" endtime="20240731 23:48:18.188"/>
</kw>
<kw name="Should Be Equal" library="BuiltIn">
<arg>${json_response}[data][color]</arg>
<arg>silver</arg>
<doc>Fails if the given objects are unequal.</doc>
<status status="PASS" starttime="20240731 23:48:18.188" endtime="20240731 23:48:18.188"/>
</kw>
<status status="PASS" starttime="20240731 23:48:18.184" endtime="20240731 23:48:18.188"/>
</kw>
<doc>Quick test to verify updating an existing object</doc>
<status status="PASS" starttime="20240731 23:48:17.816" endtime="20240731 23:48:18.189"/>
</test>
<status status="PASS" starttime="20240731 23:48:16.537" endtime="20240731 23:48:18.189"/>
</suite>
<statistics>
<total>
<stat pass="3" fail="0" skip="0">All Tests</stat>
</total>
<tag>
</tag>
<suite>
<stat pass="3" fail="0" skip="0" id="s1" name="Api Smoke Tests">Api Smoke Tests</stat>
</suite>
</statistics>
<errors>
</errors>
</robot>
