<?xml version="1.0" encoding="UTF-8"?>
<robot generator="Robot 4.1.3 (Python 3.9.6 on darwin)" generated="20240801 00:02:08.238" rpa="false" schemaversion="2">
<suite id="s1" name="Api Smoke Tests" source="/Users/alimostafaei/PycharmProjects/Urbanease/Communities_Service_Test/ValueBlue/Api_Testing/Tests/api_smoke_tests.robot">
<test id="s1-t1" name="Smoke Test: Retrieve Objects">
<kw name="Given the API is accessible">
<kw name="No Operation" library="BuiltIn">
<doc>Does absolutely nothing.</doc>
<status status="PASS" starttime="20240801 00:02:08.301" endtime="20240801 00:02:08.301"/>
</kw>
<status status="PASS" starttime="20240801 00:02:08.301" endtime="20240801 00:02:08.301"/>
</kw>
<kw name="When I send a GET request to retrieve objects">
<kw name="GET" library="RequestsLibrary">
<var>${response}</var>
<arg>${BASE_URL}</arg>
<doc>Sends a GET request.</doc>
<msg timestamp="20240801 00:02:08.848" level="INFO">GET Request : url=https://api.restful-api.dev/objects 
 path_url=/objects 
 headers={'User-Agent': 'python-requests/2.26.0', 'Accept-Encoding': 'gzip, deflate, br', 'Accept': '*/*', 'Connection': 'keep-alive'} 
 body=None 
 </msg>
<msg timestamp="20240801 00:02:08.848" level="INFO">GET Response : url=https://api.restful-api.dev/objects 
 status=200, reason= 
 headers={'Date': 'Wed, 31 Jul 2024 22:02:08 GMT', 'Content-Type': 'application/json', 'Transfer-Encoding': 'chunked', 'Connection': 'keep-alive', 'Vary': 'Origin, Access-Control-Request-Method, Access-Control-Request-Headers', 'CF-Cache-Status': 'DYNAMIC', 'Report-To': '{"endpoints":[{"url":"https:\\/\\/a.nel.cloudflare.com\\/report\\/v4?s=kSDZYCvTEfMUf2j%2FoDs2SceCS8ghoczVcCbHsOLDXlCVg3NxH93VuDFuxVCfcC3bkfYHocq3UwFdvms5XJHyL0Hyt5Aho3pltT0iUNlWq7Gl6eP902Tep%2FKFPLzonEKhTtgeU9D5z4dhG5MWCHlOuFTF"}],"group":"cf-nel","max_age":604800}', 'NEL': '{"success_fraction":0,"report_to":"cf-nel","max_age":604800}', 'Server': 'cloudflare', 'CF-RAY': '8ac0defb6e3eb76a-AMS', 'Content-Encoding': 'br', 'alt-svc': 'h3=":443"; ma=86400'} 
 body=[{"id":"1","name":"Google Pixel 6 Pro","data":{"color":"Cloudy White","capacity":"128 GB"}},{"id":"2","name":"Apple iPhone 12 Mini, 256GB, Blue","data":null},{"id":"3","name":"Apple iPhone 12 Pro Max","data":{"color":"Cloudy White","capacity GB":512}},{"id":"4","name":"Apple iPhone 11, 64GB","data":{"price":389.99,"color":"Purple"}},{"id":"5","name":"Samsung Galaxy Z Fold2","data":{"price":689.99,"color":"Brown"}},{"id":"6","name":"Apple AirPods","data":{"generation":"3rd","price":120}},{"id":"7","name":"Apple MacBook Pro 16","data":{"year":2019,"price":1849.99,"CPU model":"Intel Core i9","Hard disk size":"1 TB"}},{"id":"8","name":"Apple Watch Series 8","data":{"Strap Colour":"Elderberry","Case Size":"41mm"}},{"id":"9","name":"Beats Studio3 Wireless","data":{"Color":"Red","Description":"High-performance wireless noise cancelling headphones"}},{"id":"10","name":"Apple iPad Mini 5th Gen","data":{"Capacity":"64 GB","Screen size":7.9}},{"id":"11","name":"Apple iPad Mini 5th Gen","data":{"Capacity":"254 GB","Screen size":7.9}},{"id":"12","name":"Apple iPad Air","data":{"Generation":"4th","Price":"419.99","Capacity":"64 GB"}},{"id":"13","name":"Apple iPad Air","data":{"Generation":"4th","Price":"519.99","Capacity":"256 GB"}}] 
 </msg>
<msg timestamp="20240801 00:02:08.849" level="INFO">${response} = &lt;Response [200]&gt;</msg>
<status status="PASS" starttime="20240801 00:02:08.301" endtime="20240801 00:02:08.849"/>
</kw>
<kw name="Set Test Variable" library="BuiltIn">
<arg>${response}</arg>
<doc>Makes a variable available everywhere within the scope of the current test.</doc>
<msg timestamp="20240801 00:02:08.850" level="INFO">${response} = &lt;Response [200]&gt;</msg>
<status status="PASS" starttime="20240801 00:02:08.849" endtime="20240801 00:02:08.850"/>
</kw>
<status status="PASS" starttime="20240801 00:02:08.301" endtime="20240801 00:02:08.850"/>
</kw>
<kw name="Then the response status code should be 200">
<kw name="Should Be Equal As Numbers" library="BuiltIn">
<arg>${response.status_code}</arg>
<arg>200</arg>
<doc>Fails if objects are unequal after converting them to real numbers.</doc>
<msg timestamp="20240801 00:02:08.852" level="INFO">Argument types are:
&lt;class 'int'&gt;
&lt;type 'unicode'&gt;</msg>
<status status="PASS" starttime="20240801 00:02:08.851" endtime="20240801 00:02:08.852"/>
</kw>
<status status="PASS" starttime="20240801 00:02:08.851" endtime="20240801 00:02:08.852"/>
</kw>
<kw name="And the first object should have the correct structure">
<kw name="Set Variable" library="BuiltIn">
<var>${first_object}</var>
<arg>${response.json()}[0]</arg>
<doc>Returns the given values which can then be assigned to a variables.</doc>
<msg timestamp="20240801 00:02:08.853" level="INFO">${first_object} = {'id': '1', 'name': 'Google Pixel 6 Pro', 'data': {'color': 'Cloudy White', 'capacity': '128 GB'}}</msg>
<status status="PASS" starttime="20240801 00:02:08.852" endtime="20240801 00:02:08.853"/>
</kw>
<kw name="Dictionary Should Contain Key" library="Collections">
<arg>${first_object}</arg>
<arg>id</arg>
<doc>Fails if ``key`` is not found from ``dictionary``.</doc>
<status status="PASS" starttime="20240801 00:02:08.853" endtime="20240801 00:02:08.853"/>
</kw>
<kw name="Dictionary Should Contain Key" library="Collections">
<arg>${first_object}</arg>
<arg>name</arg>
<doc>Fails if ``key`` is not found from ``dictionary``.</doc>
<status status="PASS" starttime="20240801 00:02:08.854" endtime="20240801 00:02:08.854"/>
</kw>
<kw name="Dictionary Should Contain Key" library="Collections">
<arg>${first_object}</arg>
<arg>data</arg>
<doc>Fails if ``key`` is not found from ``dictionary``.</doc>
<status status="PASS" starttime="20240801 00:02:08.854" endtime="20240801 00:02:08.854"/>
</kw>
<status status="PASS" starttime="20240801 00:02:08.852" endtime="20240801 00:02:08.854"/>
</kw>
<doc>Quick test to verify the GET /objects endpoint</doc>
<status status="PASS" starttime="20240801 00:02:08.301" endtime="20240801 00:02:08.854"/>
</test>
<test id="s1-t2" name="Smoke Test: Create New Object">
<kw name="Given the API is accessible">
<kw name="No Operation" library="BuiltIn">
<doc>Does absolutely nothing.</doc>
<status status="PASS" starttime="20240801 00:02:08.856" endtime="20240801 00:02:08.856"/>
</kw>
<status status="PASS" starttime="20240801 00:02:08.855" endtime="20240801 00:02:08.856"/>
</kw>
<kw name="When I send a POST request to create a new object">
<kw name="Create Dictionary" library="BuiltIn">
<var>${nested_data}</var>
<arg>year=2019</arg>
<arg>price=1849.99</arg>
<arg>CPU model=Intel Core i9</arg>
<arg>Hard disk size=1 TB</arg>
<doc>Creates and returns a dictionary based on the given ``items``.</doc>
<msg timestamp="20240801 00:02:08.857" level="INFO">${nested_data} = {'year': '2019', 'price': '1849.99', 'CPU model': 'Intel Core i9', 'Hard disk size': '1 TB'}</msg>
<status status="PASS" starttime="20240801 00:02:08.857" endtime="20240801 00:02:08.857"/>
</kw>
<kw name="Create Dictionary" library="BuiltIn">
<var>${data}</var>
<arg>name=Apple MacBook Pro 16</arg>
<arg>data=${nested_data}</arg>
<doc>Creates and returns a dictionary based on the given ``items``.</doc>
<msg timestamp="20240801 00:02:08.857" level="INFO">${data} = {'name': 'Apple MacBook Pro 16', 'data': {'year': '2019', 'price': '1849.99', 'CPU model': 'Intel Core i9', 'Hard disk size': '1 TB'}}</msg>
<status status="PASS" starttime="20240801 00:02:08.857" endtime="20240801 00:02:08.857"/>
</kw>
<kw name="Create Dictionary" library="BuiltIn">
<var>${headers}</var>
<arg>Content-Type=application/json</arg>
<doc>Creates and returns a dictionary based on the given ``items``.</doc>
<msg timestamp="20240801 00:02:08.858" level="INFO">${headers} = {'Content-Type': 'application/json'}</msg>
<status status="PASS" starttime="20240801 00:02:08.858" endtime="20240801 00:02:08.858"/>
</kw>
<kw name="POST" library="RequestsLibrary">
<var>${response}</var>
<arg>${BASE_URL}</arg>
<arg>json=${data}</arg>
<arg>headers=${headers}</arg>
<doc>Sends a POST request.</doc>
<msg timestamp="20240801 00:02:09.253" level="INFO">POST Request : url=https://api.restful-api.dev/objects 
 path_url=/objects 
 headers={'User-Agent': 'python-requests/2.26.0', 'Accept-Encoding': 'gzip, deflate, br', 'Accept': '*/*', 'Connection': 'keep-alive', 'Content-Type': 'application/json', 'Content-Length': '134'} 
 body=b'{"name": "Apple MacBook Pro 16", "data": {"year": "2019", "price": "1849.99", "CPU model": "Intel Core i9", "Hard disk size": "1 TB"}}' 
 </msg>
<msg timestamp="20240801 00:02:09.253" level="INFO">POST Response : url=https://api.restful-api.dev/objects 
 status=200, reason= 
 headers={'Date': 'Wed, 31 Jul 2024 22:02:09 GMT', 'Content-Type': 'application/json', 'Transfer-Encoding': 'chunked', 'Connection': 'keep-alive', 'Vary': 'Origin, Access-Control-Request-Method, Access-Control-Request-Headers', 'CF-Cache-Status': 'DYNAMIC', 'Report-To': '{"endpoints":[{"url":"https:\\/\\/a.nel.cloudflare.com\\/report\\/v4?s=qU0bpul%2BlUCfbwDHimBKavahd3zDNrIZYFiTXHJjpLBqSGK65dXMHxbEZU8AA%2F%2FM5McqxzzqA%2F4eRRX3m5F6xvqRWtNrEL3DVIcPTFXazDETcfHQyQj5F06RSWOWeTXgFO8YLck8pByN4jYP%2B1APGp7p"}],"group":"cf-nel","max_age":604800}', 'NEL': '{"success_fraction":0,"report_to":"cf-nel","max_age":604800}', 'Server': 'cloudflare', 'CF-RAY': '8ac0defe1a156602-AMS', 'Content-Encoding': 'br', 'alt-svc': 'h3=":443"; ma=86400'} 
 body={"id":"ff8081819108ddef01910ad09b6c0473","name":"Apple MacBook Pro 16","createdAt":"2024-07-31T22:02:09.132+00:00","data":{"year":"2019","price":"1849.99","CPU model":"Intel Core i9","Hard disk size":"1 TB"}} 
 </msg>
<msg timestamp="20240801 00:02:09.253" level="INFO">${response} = &lt;Response [200]&gt;</msg>
<status status="PASS" starttime="20240801 00:02:08.858" endtime="20240801 00:02:09.254"/>
</kw>
<kw name="Set Test Variable" library="BuiltIn">
<arg>${response}</arg>
<doc>Makes a variable available everywhere within the scope of the current test.</doc>
<msg timestamp="20240801 00:02:09.254" level="INFO">${response} = &lt;Response [200]&gt;</msg>
<status status="PASS" starttime="20240801 00:02:09.254" endtime="20240801 00:02:09.254"/>
</kw>
<status status="PASS" starttime="20240801 00:02:08.856" endtime="20240801 00:02:09.254"/>
</kw>
<kw name="Then the response status code should be 200">
<kw name="Should Be Equal As Numbers" library="BuiltIn">
<arg>${response.status_code}</arg>
<arg>200</arg>
<doc>Fails if objects are unequal after converting them to real numbers.</doc>
<msg timestamp="20240801 00:02:09.256" level="INFO">Argument types are:
&lt;class 'int'&gt;
&lt;type 'unicode'&gt;</msg>
<status status="PASS" starttime="20240801 00:02:09.255" endtime="20240801 00:02:09.256"/>
</kw>
<status status="PASS" starttime="20240801 00:02:09.255" endtime="20240801 00:02:09.256"/>
</kw>
<kw name="And the response should contain the created object details">
<kw name="Set Variable" library="BuiltIn">
<var>${json_response}</var>
<arg>${response.json()}</arg>
<doc>Returns the given values which can then be assigned to a variables.</doc>
<msg timestamp="20240801 00:02:09.257" level="INFO">${json_response} = {'id': 'ff8081819108ddef01910ad09b6c0473', 'name': 'Apple MacBook Pro 16', 'createdAt': '2024-07-31T22:02:09.132+00:00', 'data': {'year': '2019', 'price': '1849.99', 'CPU model': 'Intel Core i9', 'Har...</msg>
<status status="PASS" starttime="20240801 00:02:09.256" endtime="20240801 00:02:09.257"/>
</kw>
<kw name="Dictionary Should Contain Key" library="Collections">
<arg>${json_response}</arg>
<arg>id</arg>
<doc>Fails if ``key`` is not found from ``dictionary``.</doc>
<status status="PASS" starttime="20240801 00:02:09.257" endtime="20240801 00:02:09.257"/>
</kw>
<kw name="Dictionary Should Contain Key" library="Collections">
<arg>${json_response}</arg>
<arg>name</arg>
<doc>Fails if ``key`` is not found from ``dictionary``.</doc>
<status status="PASS" starttime="20240801 00:02:09.257" endtime="20240801 00:02:09.258"/>
</kw>
<kw name="Dictionary Should Contain Key" library="Collections">
<arg>${json_response}</arg>
<arg>createdAt</arg>
<doc>Fails if ``key`` is not found from ``dictionary``.</doc>
<status status="PASS" starttime="20240801 00:02:09.258" endtime="20240801 00:02:09.258"/>
</kw>
<kw name="Dictionary Should Contain Key" library="Collections">
<arg>${json_response}</arg>
<arg>data</arg>
<doc>Fails if ``key`` is not found from ``dictionary``.</doc>
<status status="PASS" starttime="20240801 00:02:09.258" endtime="20240801 00:02:09.258"/>
</kw>
<kw name="Should Be Equal" library="BuiltIn">
<arg>${json_response}[name]</arg>
<arg>Apple MacBook Pro 16</arg>
<doc>Fails if the given objects are unequal.</doc>
<status status="PASS" starttime="20240801 00:02:09.258" endtime="20240801 00:02:09.258"/>
</kw>
<kw name="Should Be Equal As Integers" library="BuiltIn">
<arg>${json_response}[data][year]</arg>
<arg>2019</arg>
<doc>Fails if objects are unequal after converting them to integers.</doc>
<status status="PASS" starttime="20240801 00:02:09.259" endtime="20240801 00:02:09.259"/>
</kw>
<kw name="Should Be Equal As Numbers" library="BuiltIn">
<arg>${json_response}[data][price]</arg>
<arg>1849.99</arg>
<doc>Fails if objects are unequal after converting them to real numbers.</doc>
<status status="PASS" starttime="20240801 00:02:09.259" endtime="20240801 00:02:09.259"/>
</kw>
<kw name="Should Be Equal" library="BuiltIn">
<arg>${json_response}[data][CPU model]</arg>
<arg>Intel Core i9</arg>
<doc>Fails if the given objects are unequal.</doc>
<status status="PASS" starttime="20240801 00:02:09.259" endtime="20240801 00:02:09.259"/>
</kw>
<status status="PASS" starttime="20240801 00:02:09.256" endtime="20240801 00:02:09.259"/>
</kw>
<doc>Quick test to verify creating a new object</doc>
<status status="PASS" starttime="20240801 00:02:08.855" endtime="20240801 00:02:09.260"/>
</test>
<test id="s1-t3" name="Smoke Test: Update Existing Object">
<kw name="Given the API is accessible">
<kw name="No Operation" library="BuiltIn">
<doc>Does absolutely nothing.</doc>
<status status="PASS" starttime="20240801 00:02:09.261" endtime="20240801 00:02:09.261"/>
</kw>
<status status="PASS" starttime="20240801 00:02:09.260" endtime="20240801 00:02:09.261"/>
</kw>
<kw name="When I send a PUT request to update an existing object">
<kw name="Create Dictionary" library="BuiltIn">
<var>${nested_data}</var>
<arg>year=2019</arg>
<arg>price=2049.99</arg>
<arg>CPU model=Intel Core i9</arg>
<arg>Hard disk size=1 TB</arg>
<arg>color=silver</arg>
<doc>Creates and returns a dictionary based on the given ``items``.</doc>
<msg timestamp="20240801 00:02:09.261" level="INFO">${nested_data} = {'year': '2019', 'price': '2049.99', 'CPU model': 'Intel Core i9', 'Hard disk size': '1 TB', 'color': 'silver'}</msg>
<status status="PASS" starttime="20240801 00:02:09.261" endtime="20240801 00:02:09.261"/>
</kw>
<kw name="Create Dictionary" library="BuiltIn">
<var>${data}</var>
<arg>name=Apple MacBook Pro 16</arg>
<arg>data=${nested_data}</arg>
<doc>Creates and returns a dictionary based on the given ``items``.</doc>
<msg timestamp="20240801 00:02:09.262" level="INFO">${data} = {'name': 'Apple MacBook Pro 16', 'data': {'year': '2019', 'price': '2049.99', 'CPU model': 'Intel Core i9', 'Hard disk size': '1 TB', 'color': 'silver'}}</msg>
<status status="PASS" starttime="20240801 00:02:09.261" endtime="20240801 00:02:09.262"/>
</kw>
<kw name="Create Dictionary" library="BuiltIn">
<var>${headers}</var>
<arg>Content-Type=application/json</arg>
<doc>Creates and returns a dictionary based on the given ``items``.</doc>
<msg timestamp="20240801 00:02:09.262" level="INFO">${headers} = {'Content-Type': 'application/json'}</msg>
<status status="PASS" starttime="20240801 00:02:09.262" endtime="20240801 00:02:09.262"/>
</kw>
<kw name="PUT" library="RequestsLibrary">
<var>${response}</var>
<arg>${BASE_URL}/${OBJECT_ID}</arg>
<arg>json=${data}</arg>
<arg>headers=${headers}</arg>
<doc>Sends a PUT request.</doc>
<msg timestamp="20240801 00:02:10.193" level="INFO">PUT Request : url=https://api.restful-api.dev/objects/None 
 path_url=/objects/None 
 headers={'User-Agent': 'python-requests/2.26.0', 'Accept-Encoding': 'gzip, deflate, br', 'Accept': '*/*', 'Connection': 'keep-alive', 'Content-Type': 'application/json', 'Content-Length': '153'} 
 body=b'{"name": "Apple MacBook Pro 16", "data": {"year": "2019", "price": "2049.99", "CPU model": "Intel Core i9", "Hard disk size": "1 TB", "color": "silver"}}' 
 </msg>
<msg timestamp="20240801 00:02:10.194" level="INFO">PUT Response : url=https://api.restful-api.dev/objects/None 
 status=404, reason= 
 headers={'Date': 'Wed, 31 Jul 2024 22:02:10 GMT', 'Content-Type': 'application/json', 'Transfer-Encoding': 'chunked', 'Connection': 'keep-alive', 'Vary': 'Origin, Access-Control-Request-Method, Access-Control-Request-Headers', 'CF-Cache-Status': 'DYNAMIC', 'Report-To': '{"endpoints":[{"url":"https:\\/\\/a.nel.cloudflare.com\\/report\\/v4?s=AtI7XYgLS4l6sfUguswS8ulvBlKeSAbGsOrbkwwpQ435%2BIoQ31K1HZXHQtSXGeMUcuF7LxIPF9wO88EXOcOSPEj7%2B8WP5n1h9PUkSvApKIK0myGH2LrV4sEn1jFkeErUF6px7iR9FSJo1TwFqPx68Upx"}],"group":"cf-nel","max_age":604800}', 'NEL': '{"success_fraction":0,"report_to":"cf-nel","max_age":604800}', 'Server': 'cloudflare', 'CF-RAY': '8ac0df009ba7b96f-AMS', 'Content-Encoding': 'br', 'alt-svc': 'h3=":443"; ma=86400'} 
 body={"error":"The Object with id = None doesn't exist. Please provide an object id which exists or generate a new Object using POST request and capture the id of it to use it as part of PUT request after that."} 
 </msg>
<msg timestamp="20240801 00:02:10.206" level="FAIL">HTTPError: 404 Client Error:  for url: https://api.restful-api.dev/objects/None</msg>
<status status="FAIL" starttime="20240801 00:02:09.262" endtime="20240801 00:02:10.206"/>
</kw>
<kw name="Set Test Variable" library="BuiltIn">
<arg>${response}</arg>
<doc>Makes a variable available everywhere within the scope of the current test.</doc>
<status status="NOT RUN" starttime="20240801 00:02:10.206" endtime="20240801 00:02:10.206"/>
</kw>
<status status="FAIL" starttime="20240801 00:02:09.261" endtime="20240801 00:02:10.207"/>
</kw>
<kw name="Then the response status code should be 200">
<status status="NOT RUN" starttime="20240801 00:02:10.207" endtime="20240801 00:02:10.207"/>
</kw>
<kw name="And the response should contain the updated object details">
<status status="NOT RUN" starttime="20240801 00:02:10.207" endtime="20240801 00:02:10.207"/>
</kw>
<doc>Quick test to verify updating an existing object</doc>
<status status="FAIL" starttime="20240801 00:02:09.260" endtime="20240801 00:02:10.207">HTTPError: 404 Client Error:  for url: https://api.restful-api.dev/objects/None</status>
</test>
<test id="s1-t4" name="Smoke Test: Delete Existing Object">
<kw name="Given the API is accessible">
<kw name="No Operation" library="BuiltIn">
<doc>Does absolutely nothing.</doc>
<status status="PASS" starttime="20240801 00:02:10.208" endtime="20240801 00:02:10.208"/>
</kw>
<status status="PASS" starttime="20240801 00:02:10.208" endtime="20240801 00:02:10.208"/>
</kw>
<kw name="When I send a POST request to create a new object for deletion">
<kw name="Create Dictionary" library="BuiltIn">
<var>${nested_data}</var>
<arg>year=2020</arg>
<arg>price=1999.99</arg>
<arg>CPU model=Intel Core i7</arg>
<arg>Hard disk size=512 GB</arg>
<doc>Creates and returns a dictionary based on the given ``items``.</doc>
<msg timestamp="20240801 00:02:10.209" level="INFO">${nested_data} = {'year': '2020', 'price': '1999.99', 'CPU model': 'Intel Core i7', 'Hard disk size': '512 GB'}</msg>
<status status="PASS" starttime="20240801 00:02:10.209" endtime="20240801 00:02:10.209"/>
</kw>
<kw name="Create Dictionary" library="BuiltIn">
<var>${data}</var>
<arg>name=Test Object for Deletion</arg>
<arg>data=${nested_data}</arg>
<doc>Creates and returns a dictionary based on the given ``items``.</doc>
<msg timestamp="20240801 00:02:10.209" level="INFO">${data} = {'name': 'Test Object for Deletion', 'data': {'year': '2020', 'price': '1999.99', 'CPU model': 'Intel Core i7', 'Hard disk size': '512 GB'}}</msg>
<status status="PASS" starttime="20240801 00:02:10.209" endtime="20240801 00:02:10.209"/>
</kw>
<kw name="Create Dictionary" library="BuiltIn">
<var>${headers}</var>
<arg>Content-Type=application/json</arg>
<doc>Creates and returns a dictionary based on the given ``items``.</doc>
<msg timestamp="20240801 00:02:10.209" level="INFO">${headers} = {'Content-Type': 'application/json'}</msg>
<status status="PASS" starttime="20240801 00:02:10.209" endtime="20240801 00:02:10.209"/>
</kw>
<kw name="POST" library="RequestsLibrary">
<var>${response}</var>
<arg>${BASE_URL}</arg>
<arg>json=${data}</arg>
<arg>headers=${headers}</arg>
<doc>Sends a POST request.</doc>
<msg timestamp="20240801 00:02:11.133" level="INFO">POST Request : url=https://api.restful-api.dev/objects 
 path_url=/objects 
 headers={'User-Agent': 'python-requests/2.26.0', 'Accept-Encoding': 'gzip, deflate, br', 'Accept': '*/*', 'Connection': 'keep-alive', 'Content-Type': 'application/json', 'Content-Length': '140'} 
 body=b'{"name": "Test Object for Deletion", "data": {"year": "2020", "price": "1999.99", "CPU model": "Intel Core i7", "Hard disk size": "512 GB"}}' 
 </msg>
<msg timestamp="20240801 00:02:11.134" level="INFO">POST Response : url=https://api.restful-api.dev/objects 
 status=200, reason= 
 headers={'Date': 'Wed, 31 Jul 2024 22:02:11 GMT', 'Content-Type': 'application/json', 'Transfer-Encoding': 'chunked', 'Connection': 'keep-alive', 'Vary': 'Origin, Access-Control-Request-Method, Access-Control-Request-Headers', 'CF-Cache-Status': 'DYNAMIC', 'Report-To': '{"endpoints":[{"url":"https:\\/\\/a.nel.cloudflare.com\\/report\\/v4?s=P5q2tDoe%2BdV6DkSvUkqY%2FWGmc7xqWnPC2ihF%2FoH10qquaTR%2BPUFYiQ1nn6S%2BOcjtp1Xu%2Fr0gweYJRn%2BJYaD6dcPSKctPsd79qiJ%2FtJFvS5TXc2byRcVYz921CwBsw2KE%2FLLkqJ2fBKZi5Uug6Q38%2FBMT"}],"group":"cf-nel","max_age":604800}', 'NEL': '{"success_fraction":0,"report_to":"cf-nel","max_age":604800}', 'Server': 'cloudflare', 'CF-RAY': '8ac0df0688de0bcb-AMS', 'Content-Encoding': 'br', 'alt-svc': 'h3=":443"; ma=86400'} 
 body={"id":"ff8081819108ddef01910ad0a2bc0474","name":"Test Object for Deletion","createdAt":"2024-07-31T22:02:11.004+00:00","data":{"year":"2020","price":"1999.99","CPU model":"Intel Core i7","Hard disk size":"512 GB"}} 
 </msg>
<msg timestamp="20240801 00:02:11.134" level="INFO">${response} = &lt;Response [200]&gt;</msg>
<status status="PASS" starttime="20240801 00:02:10.209" endtime="20240801 00:02:11.134"/>
</kw>
<kw name="Set Test Variable" library="BuiltIn">
<arg>${response}</arg>
<doc>Makes a variable available everywhere within the scope of the current test.</doc>
<msg timestamp="20240801 00:02:11.135" level="INFO">${response} = &lt;Response [200]&gt;</msg>
<status status="PASS" starttime="20240801 00:02:11.134" endtime="20240801 00:02:11.135"/>
</kw>
<kw name="Set Variable" library="BuiltIn">
<var>${json_response}</var>
<arg>${response.json()}</arg>
<doc>Returns the given values which can then be assigned to a variables.</doc>
<msg timestamp="20240801 00:02:11.136" level="INFO">${json_response} = {'id': 'ff8081819108ddef01910ad0a2bc0474', 'name': 'Test Object for Deletion', 'createdAt': '2024-07-31T22:02:11.004+00:00', 'data': {'year': '2020', 'price': '1999.99', 'CPU model': 'Intel Core i7', ...</msg>
<status status="PASS" starttime="20240801 00:02:11.135" endtime="20240801 00:02:11.136"/>
</kw>
<kw name="Set Test Variable" library="BuiltIn">
<arg>${OBJECT_TO_DELETE}</arg>
<arg>${json_response}[id]</arg>
<doc>Makes a variable available everywhere within the scope of the current test.</doc>
<msg timestamp="20240801 00:02:11.138" level="INFO">${OBJECT_TO_DELETE} = ff8081819108ddef01910ad0a2bc0474</msg>
<status status="PASS" starttime="20240801 00:02:11.137" endtime="20240801 00:02:11.138"/>
</kw>
<status status="PASS" starttime="20240801 00:02:10.208" endtime="20240801 00:02:11.138"/>
</kw>
<kw name="Then the response status code should be 200">
<kw name="Should Be Equal As Numbers" library="BuiltIn">
<arg>${response.status_code}</arg>
<arg>200</arg>
<doc>Fails if objects are unequal after converting them to real numbers.</doc>
<msg timestamp="20240801 00:02:11.139" level="INFO">Argument types are:
&lt;class 'int'&gt;
&lt;type 'unicode'&gt;</msg>
<status status="PASS" starttime="20240801 00:02:11.139" endtime="20240801 00:02:11.140"/>
</kw>
<status status="PASS" starttime="20240801 00:02:11.138" endtime="20240801 00:02:11.140"/>
</kw>
<kw name="And the response should contain the created object details">
<kw name="Set Variable" library="BuiltIn">
<var>${json_response}</var>
<arg>${response.json()}</arg>
<doc>Returns the given values which can then be assigned to a variables.</doc>
<msg timestamp="20240801 00:02:11.141" level="INFO">${json_response} = {'id': 'ff8081819108ddef01910ad0a2bc0474', 'name': 'Test Object for Deletion', 'createdAt': '2024-07-31T22:02:11.004+00:00', 'data': {'year': '2020', 'price': '1999.99', 'CPU model': 'Intel Core i7', ...</msg>
<status status="PASS" starttime="20240801 00:02:11.140" endtime="20240801 00:02:11.141"/>
</kw>
<kw name="Dictionary Should Contain Key" library="Collections">
<arg>${json_response}</arg>
<arg>id</arg>
<doc>Fails if ``key`` is not found from ``dictionary``.</doc>
<status status="PASS" starttime="20240801 00:02:11.141" endtime="20240801 00:02:11.142"/>
</kw>
<kw name="Dictionary Should Contain Key" library="Collections">
<arg>${json_response}</arg>
<arg>name</arg>
<doc>Fails if ``key`` is not found from ``dictionary``.</doc>
<status status="PASS" starttime="20240801 00:02:11.142" endtime="20240801 00:02:11.142"/>
</kw>
<kw name="Dictionary Should Contain Key" library="Collections">
<arg>${json_response}</arg>
<arg>createdAt</arg>
<doc>Fails if ``key`` is not found from ``dictionary``.</doc>
<status status="PASS" starttime="20240801 00:02:11.142" endtime="20240801 00:02:11.142"/>
</kw>
<kw name="Dictionary Should Contain Key" library="Collections">
<arg>${json_response}</arg>
<arg>data</arg>
<doc>Fails if ``key`` is not found from ``dictionary``.</doc>
<status status="PASS" starttime="20240801 00:02:11.142" endtime="20240801 00:02:11.142"/>
</kw>
<kw name="Should Be Equal" library="BuiltIn">
<arg>${json_response}[name]</arg>
<arg>Apple MacBook Pro 16</arg>
<doc>Fails if the given objects are unequal.</doc>
<msg timestamp="20240801 00:02:11.143" level="FAIL">Test Object for Deletion != Apple MacBook Pro 16</msg>
<status status="FAIL" starttime="20240801 00:02:11.142" endtime="20240801 00:02:11.143"/>
</kw>
<kw name="Should Be Equal As Integers" library="BuiltIn">
<arg>${json_response}[data][year]</arg>
<arg>2019</arg>
<doc>Fails if objects are unequal after converting them to integers.</doc>
<status status="NOT RUN" starttime="20240801 00:02:11.144" endtime="20240801 00:02:11.144"/>
</kw>
<kw name="Should Be Equal As Numbers" library="BuiltIn">
<arg>${json_response}[data][price]</arg>
<arg>1849.99</arg>
<doc>Fails if objects are unequal after converting them to real numbers.</doc>
<status status="NOT RUN" starttime="20240801 00:02:11.144" endtime="20240801 00:02:11.144"/>
</kw>
<kw name="Should Be Equal" library="BuiltIn">
<arg>${json_response}[data][CPU model]</arg>
<arg>Intel Core i9</arg>
<doc>Fails if the given objects are unequal.</doc>
<status status="NOT RUN" starttime="20240801 00:02:11.144" endtime="20240801 00:02:11.144"/>
</kw>
<status status="FAIL" starttime="20240801 00:02:11.140" endtime="20240801 00:02:11.144"/>
</kw>
<kw name="When I send a DELETE request to delete the newly created object">
<status status="NOT RUN" starttime="20240801 00:02:11.145" endtime="20240801 00:02:11.145"/>
</kw>
<kw name="Then the response status code should be 200">
<status status="NOT RUN" starttime="20240801 00:02:11.145" endtime="20240801 00:02:11.145"/>
</kw>
<kw name="And the response should confirm the deletion">
<status status="NOT RUN" starttime="20240801 00:02:11.145" endtime="20240801 00:02:11.145"/>
</kw>
<doc>Quick test to verify deleting an existing object</doc>
<status status="FAIL" starttime="20240801 00:02:10.207" endtime="20240801 00:02:11.145">Test Object for Deletion != Apple MacBook Pro 16</status>
</test>
<status status="FAIL" starttime="20240801 00:02:08.238" endtime="20240801 00:02:11.146"/>
</suite>
<statistics>
<total>
<stat pass="2" fail="2" skip="0">All Tests</stat>
</total>
<tag>
</tag>
<suite>
<stat pass="2" fail="2" skip="0" id="s1" name="Api Smoke Tests">Api Smoke Tests</stat>
</suite>
</statistics>
<errors>
</errors>
</robot>
