<?xml version="1.0" encoding="UTF-8"?>
<robot generator="Robot 4.1.3 (Python 3.9.6 on darwin)" generated="20240731 23:55:57.108" rpa="false" schemaversion="2">
<suite id="s1" name="Api Smoke Tests" source="/Users/alimostafaei/PycharmProjects/Urbanease/Communities_Service_Test/ValueBlue/Api_Testing/Tests/api_smoke_tests.robot">
<kw name="Create Object for Suite" type="SETUP">
<msg timestamp="20240731 23:55:57.172" level="FAIL">No keyword with name 'Create Object for Suite' found.</msg>
<status status="FAIL" starttime="20240731 23:55:57.172" endtime="20240731 23:55:57.172"/>
</kw>
<test id="s1-t1" name="Smoke Test: Retrieve Objects">
<doc>Quick test to verify the GET /objects endpoint</doc>
<status status="FAIL" starttime="20240731 23:55:57.172" endtime="20240731 23:55:57.173">Parent suite setup failed:
No keyword with name 'Create Object for Suite' found.</status>
</test>
<test id="s1-t2" name="Smoke Test: Create New Object">
<doc>Quick test to verify creating a new object</doc>
<status status="FAIL" starttime="20240731 23:55:57.173" endtime="20240731 23:55:57.173">Parent suite setup failed:
No keyword with name 'Create Object for Suite' found.</status>
</test>
<test id="s1-t3" name="Smoke Test: Update Existing Object">
<doc>Quick test to verify updating an existing object</doc>
<status status="FAIL" starttime="20240731 23:55:57.173" endtime="20240731 23:55:57.173">Parent suite setup failed:
No keyword with name 'Create Object for Suite' found.</status>
</test>
<test id="s1-t4" name="Smoke Test: Delete Existing Object">
<doc>Quick test to verify deleting an existing object</doc>
<status status="FAIL" starttime="20240731 23:55:57.173" endtime="20240731 23:55:57.173">Parent suite setup failed:
No keyword with name 'Create Object for Suite' found.</status>
</test>
<status status="FAIL" starttime="20240731 23:55:57.108" endtime="20240731 23:55:57.174">Suite setup failed:
No keyword with name 'Create Object for Suite' found.</status>
</suite>
<statistics>
<total>
<stat pass="0" fail="4" skip="0">All Tests</stat>
</total>
<tag>
</tag>
<suite>
<stat pass="0" fail="4" skip="0" id="s1" name="Api Smoke Tests">Api Smoke Tests</stat>
</suite>
</statistics>
<errors>
<msg timestamp="20240731 23:55:57.169" level="ERROR">Error in file '/Users/alimostafaei/PycharmProjects/Urbanease/Communities_Service_Test/ValueBlue/Api_Testing/Tests/api_smoke_tests.robot' on line 5: Resource file 'variables.robot' does not exist.</msg>
</errors>
</robot>
