<?xml version="1.0" encoding="UTF-8"?>
<robot generator="Robot 4.1.3 (Python 3.9.6 on darwin)" generated="20240801 00:19:53.731" rpa="false" schemaversion="2">
<suite id="s1" name="Api Smoke Tests" source="/Users/alimostafaei/PycharmProjects/Urbanease/Communities_Service_Test/ValueBlue/Api_Testing/Tests/api_smoke_tests.robot">
<kw name="Create Object for Suite" type="SETUP">
<doc>Create an object to be used in all test cases</doc>
<kw name="Create Dictionary" library="BuiltIn">
<var>${nested_data}</var>
<arg>year=2019</arg>
<arg>price=1849.99</arg>
<arg>CPU model=Intel Core i9</arg>
<arg>Hard disk size=1 TB</arg>
<doc>Creates and returns a dictionary based on the given ``items``.</doc>
<msg timestamp="20240801 00:19:53.817" level="INFO">${nested_data} = {'year': '2019', 'price': '1849.99', 'CPU model': 'Intel Core i9', 'Hard disk size': '1 TB'}</msg>
<status status="PASS" starttime="20240801 00:19:53.817" endtime="20240801 00:19:53.817"/>
</kw>
<kw name="Create Dictionary" library="BuiltIn">
<var>${data}</var>
<arg>name=Apple MacBook Pro 16</arg>
<arg>data=${nested_data}</arg>
<doc>Creates and returns a dictionary based on the given ``items``.</doc>
<msg timestamp="20240801 00:19:53.818" level="INFO">${data} = {'name': 'Apple MacBook Pro 16', 'data': {'year': '2019', 'price': '1849.99', 'CPU model': 'Intel Core i9', 'Hard disk size': '1 TB'}}</msg>
<status status="PASS" starttime="20240801 00:19:53.817" endtime="20240801 00:19:53.818"/>
</kw>
<kw name="Create Dictionary" library="BuiltIn">
<var>${headers}</var>
<arg>Content-Type=application/json</arg>
<doc>Creates and returns a dictionary based on the given ``items``.</doc>
<msg timestamp="20240801 00:19:53.818" level="INFO">${headers} = {'Content-Type': 'application/json'}</msg>
<status status="PASS" starttime="20240801 00:19:53.818" endtime="20240801 00:19:53.818"/>
</kw>
<kw name="POST" library="RequestsLibrary">
<var>${response}</var>
<arg>${BASE_URL}</arg>
<arg>json=${data}</arg>
<arg>headers=${headers}</arg>
<doc>Sends a POST request.</doc>
<msg timestamp="20240801 00:19:54.889" level="INFO">POST Request : url=https://api.restful-api.dev/objects 
 path_url=/objects 
 headers={'User-Agent': 'python-requests/2.26.0', 'Accept-Encoding': 'gzip, deflate, br', 'Accept': '*/*', 'Connection': 'keep-alive', 'Content-Type': 'application/json', 'Content-Length': '134'} 
 body=b'{"name": "Apple MacBook Pro 16", "data": {"year": "2019", "price": "1849.99", "CPU model": "Intel Core i9", "Hard disk size": "1 TB"}}' 
 </msg>
<msg timestamp="20240801 00:19:54.889" level="INFO">POST Response : url=https://api.restful-api.dev/objects 
 status=200, reason= 
 headers={'Date': 'Wed, 31 Jul 2024 22:19:54 GMT', 'Content-Type': 'application/json', 'Transfer-Encoding': 'chunked', 'Connection': 'keep-alive', 'Vary': 'Origin, Access-Control-Request-Method, Access-Control-Request-Headers', 'CF-Cache-Status': 'DYNAMIC', 'Report-To': '{"endpoints":[{"url":"https:\\/\\/a.nel.cloudflare.com\\/report\\/v4?s=flYhVwrLZfy%2FeIIAs21e6nGQTFaz%2BjcZSx7uwXdfBQd6wmsjv6TmT6USGoQh9Hr52CXTnccycpZfa3XbU5gi6aG1ldiqdR7mR2de83H7TYuFJUPwDTC%2FXHyWxtdsvheF%2FpzoEDMKss6O7KjRB4OHeIEs"}],"group":"cf-nel","max_age":604800}', 'NEL': '{"success_fraction":0,"report_to":"cf-nel","max_age":604800}', 'Server': 'cloudflare', 'CF-RAY': '8ac0f8feae9a1c98-AMS', 'Content-Encoding': 'br', 'alt-svc': 'h3=":443"; ma=86400'} 
 body={"id":"ff8081819108ddef01910ae0de020499","name":"Apple MacBook Pro 16","createdAt":"2024-07-31T22:19:54.754+00:00","data":{"year":"2019","price":"1849.99","CPU model":"Intel Core i9","Hard disk size":"1 TB"}} 
 </msg>
<msg timestamp="20240801 00:19:54.890" level="INFO">${response} = &lt;Response [200]&gt;</msg>
<status status="PASS" starttime="20240801 00:19:53.818" endtime="20240801 00:19:54.890"/>
</kw>
<kw name="Should Be Equal As Numbers" library="BuiltIn">
<arg>${response.status_code}</arg>
<arg>200</arg>
<doc>Fails if objects are unequal after converting them to real numbers.</doc>
<msg timestamp="20240801 00:19:54.891" level="INFO">Argument types are:
&lt;class 'int'&gt;
&lt;type 'unicode'&gt;</msg>
<status status="PASS" starttime="20240801 00:19:54.890" endtime="20240801 00:19:54.891"/>
</kw>
<kw name="Set Variable" library="BuiltIn">
<var>${json_response}</var>
<arg>${response.json()}</arg>
<doc>Returns the given values which can then be assigned to a variables.</doc>
<msg timestamp="20240801 00:19:54.892" level="INFO">${json_response} = {'id': 'ff8081819108ddef01910ae0de020499', 'name': 'Apple MacBook Pro 16', 'createdAt': '2024-07-31T22:19:54.754+00:00', 'data': {'year': '2019', 'price': '1849.99', 'CPU model': 'Intel Core i9', 'Har...</msg>
<status status="PASS" starttime="20240801 00:19:54.892" endtime="20240801 00:19:54.892"/>
</kw>
<kw name="Set Variable" library="BuiltIn">
<var>${object_id}</var>
<arg>${json_response}[id]</arg>
<doc>Returns the given values which can then be assigned to a variables.</doc>
<msg timestamp="20240801 00:19:54.893" level="INFO">${object_id} = ff8081819108ddef01910ae0de020499</msg>
<status status="PASS" starttime="20240801 00:19:54.892" endtime="20240801 00:19:54.893"/>
</kw>
<kw name="Set Suite Variable" library="BuiltIn">
<arg>${OBJECT_ID}</arg>
<arg>${object_id}</arg>
<doc>Makes a variable available everywhere within the scope of the current suite.</doc>
<msg timestamp="20240801 00:19:54.894" level="INFO">${OBJECT_ID} = ff8081819108ddef01910ae0de020499</msg>
<status status="PASS" starttime="20240801 00:19:54.893" endtime="20240801 00:19:54.894"/>
</kw>
<kw name="Log" library="BuiltIn">
<arg>Created object with ID: ${OBJECT_ID}</arg>
<doc>Logs the given message with the given level.</doc>
<msg timestamp="20240801 00:19:54.894" level="INFO">Created object with ID: ff8081819108ddef01910ae0de020499</msg>
<status status="PASS" starttime="20240801 00:19:54.894" endtime="20240801 00:19:54.894"/>
</kw>
<status status="PASS" starttime="20240801 00:19:53.817" endtime="20240801 00:19:54.894"/>
</kw>
<test id="s1-t1" name="Smoke Test: Retrieve Objects">
<kw name="Given the API is accessible" library="Keywords">
<kw name="No Operation" library="BuiltIn">
<doc>Does absolutely nothing.</doc>
<status status="PASS" starttime="20240801 00:19:54.896" endtime="20240801 00:19:54.896"/>
</kw>
<status status="PASS" starttime="20240801 00:19:54.895" endtime="20240801 00:19:54.896"/>
</kw>
<kw name="When I send a GET request to retrieve objects" library="Keywords">
<kw name="GET" library="RequestsLibrary">
<var>${response}</var>
<arg>${BASE_URL}</arg>
<doc>Sends a GET request.</doc>
<msg timestamp="20240801 00:19:55.600" level="INFO">GET Request : url=https://api.restful-api.dev/objects 
 path_url=/objects 
 headers={'User-Agent': 'python-requests/2.26.0', 'Accept-Encoding': 'gzip, deflate, br', 'Accept': '*/*', 'Connection': 'keep-alive'} 
 body=None 
 </msg>
<msg timestamp="20240801 00:19:55.600" level="INFO">GET Response : url=https://api.restful-api.dev/objects 
 status=200, reason= 
 headers={'Date': 'Wed, 31 Jul 2024 22:19:55 GMT', 'Content-Type': 'application/json', 'Transfer-Encoding': 'chunked', 'Connection': 'keep-alive', 'Vary': 'Origin, Access-Control-Request-Method, Access-Control-Request-Headers', 'CF-Cache-Status': 'DYNAMIC', 'Report-To': '{"endpoints":[{"url":"https:\\/\\/a.nel.cloudflare.com\\/report\\/v4?s=tBHXiPNWQ3ZjO3teegL3tHzoqmD8eb%2BqLZv5fAJSff5wfjqUOQsMxtQV35xIMigNUFxaPneKkrC92nIhTDSZYUyD8bc4xz6vDtgVB6cwH03KuN4o6krKSZ61eA9612PC1HfUcFfnGZvzcjkUZv%2B%2Fqk4H"}],"group":"cf-nel","max_age":604800}', 'NEL': '{"success_fraction":0,"report_to":"cf-nel","max_age":604800}', 'Server': 'cloudflare', 'CF-RAY': '8ac0f904ddf728af-AMS', 'Content-Encoding': 'br', 'alt-svc': 'h3=":443"; ma=86400'} 
 body=[{"id":"1","name":"Google Pixel 6 Pro","data":{"color":"Cloudy White","capacity":"128 GB"}},{"id":"2","name":"Apple iPhone 12 Mini, 256GB, Blue","data":null},{"id":"3","name":"Apple iPhone 12 Pro Max","data":{"color":"Cloudy White","capacity GB":512}},{"id":"4","name":"Apple iPhone 11, 64GB","data":{"price":389.99,"color":"Purple"}},{"id":"5","name":"Samsung Galaxy Z Fold2","data":{"price":689.99,"color":"Brown"}},{"id":"6","name":"Apple AirPods","data":{"generation":"3rd","price":120}},{"id":"7","name":"Apple MacBook Pro 16","data":{"year":2019,"price":1849.99,"CPU model":"Intel Core i9","Hard disk size":"1 TB"}},{"id":"8","name":"Apple Watch Series 8","data":{"Strap Colour":"Elderberry","Case Size":"41mm"}},{"id":"9","name":"Beats Studio3 Wireless","data":{"Color":"Red","Description":"High-performance wireless noise cancelling headphones"}},{"id":"10","name":"Apple iPad Mini 5th Gen","data":{"Capacity":"64 GB","Screen size":7.9}},{"id":"11","name":"Apple iPad Mini 5th Gen","data":{"Capacity":"254 GB","Screen size":7.9}},{"id":"12","name":"Apple iPad Air","data":{"Generation":"4th","Price":"419.99","Capacity":"64 GB"}},{"id":"13","name":"Apple iPad Air","data":{"Generation":"4th","Price":"519.99","Capacity":"256 GB"}}] 
 </msg>
<msg timestamp="20240801 00:19:55.601" level="INFO">${response} = &lt;Response [200]&gt;</msg>
<status status="PASS" starttime="20240801 00:19:54.896" endtime="20240801 00:19:55.601"/>
</kw>
<kw name="Set Test Variable" library="BuiltIn">
<arg>${response}</arg>
<doc>Makes a variable available everywhere within the scope of the current test.</doc>
<msg timestamp="20240801 00:19:55.602" level="INFO">${response} = &lt;Response [200]&gt;</msg>
<status status="PASS" starttime="20240801 00:19:55.601" endtime="20240801 00:19:55.602"/>
</kw>
<status status="PASS" starttime="20240801 00:19:54.896" endtime="20240801 00:19:55.602"/>
</kw>
<kw name="Then the response status code should be 200" library="Keywords">
<kw name="Should Be Equal As Numbers" library="BuiltIn">
<arg>${response.status_code}</arg>
<arg>200</arg>
<doc>Fails if objects are unequal after converting them to real numbers.</doc>
<msg timestamp="20240801 00:19:55.604" level="INFO">Argument types are:
&lt;class 'int'&gt;
&lt;type 'unicode'&gt;</msg>
<status status="PASS" starttime="20240801 00:19:55.603" endtime="20240801 00:19:55.604"/>
</kw>
<status status="PASS" starttime="20240801 00:19:55.603" endtime="20240801 00:19:55.604"/>
</kw>
<kw name="And the first object should have the correct structure" library="Keywords">
<kw name="Set Variable" library="BuiltIn">
<var>${first_object}</var>
<arg>${response.json()}[0]</arg>
<doc>Returns the given values which can then be assigned to a variables.</doc>
<msg timestamp="20240801 00:19:55.606" level="INFO">${first_object} = {'id': '1', 'name': 'Google Pixel 6 Pro', 'data': {'color': 'Cloudy White', 'capacity': '128 GB'}}</msg>
<status status="PASS" starttime="20240801 00:19:55.605" endtime="20240801 00:19:55.606"/>
</kw>
<kw name="Dictionary Should Contain Key" library="Collections">
<arg>${first_object}</arg>
<arg>id</arg>
<doc>Fails if ``key`` is not found from ``dictionary``.</doc>
<status status="PASS" starttime="20240801 00:19:55.606" endtime="20240801 00:19:55.606"/>
</kw>
<kw name="Dictionary Should Contain Key" library="Collections">
<arg>${first_object}</arg>
<arg>name</arg>
<doc>Fails if ``key`` is not found from ``dictionary``.</doc>
<status status="PASS" starttime="20240801 00:19:55.606" endtime="20240801 00:19:55.606"/>
</kw>
<kw name="Dictionary Should Contain Key" library="Collections">
<arg>${first_object}</arg>
<arg>data</arg>
<doc>Fails if ``key`` is not found from ``dictionary``.</doc>
<status status="PASS" starttime="20240801 00:19:55.606" endtime="20240801 00:19:55.606"/>
</kw>
<status status="PASS" starttime="20240801 00:19:55.604" endtime="20240801 00:19:55.607"/>
</kw>
<doc>Quick test to verify the GET /objects endpoint</doc>
<status status="PASS" starttime="20240801 00:19:54.894" endtime="20240801 00:19:55.607"/>
</test>
<test id="s1-t2" name="Smoke Test: Create New Object">
<kw name="Given the API is accessible" library="Keywords">
<kw name="No Operation" library="BuiltIn">
<doc>Does absolutely nothing.</doc>
<status status="PASS" starttime="20240801 00:19:55.608" endtime="20240801 00:19:55.608"/>
</kw>
<status status="PASS" starttime="20240801 00:19:55.608" endtime="20240801 00:19:55.609"/>
</kw>
<kw name="When I send a POST request to create a new object" library="Keywords">
<kw name="Create Dictionary" library="BuiltIn">
<var>${nested_data}</var>
<arg>year=2019</arg>
<arg>price=1849.99</arg>
<arg>CPU model=Intel Core i9</arg>
<arg>Hard disk size=1 TB</arg>
<doc>Creates and returns a dictionary based on the given ``items``.</doc>
<msg timestamp="20240801 00:19:55.609" level="INFO">${nested_data} = {'year': '2019', 'price': '1849.99', 'CPU model': 'Intel Core i9', 'Hard disk size': '1 TB'}</msg>
<status status="PASS" starttime="20240801 00:19:55.609" endtime="20240801 00:19:55.609"/>
</kw>
<kw name="Create Dictionary" library="BuiltIn">
<var>${data}</var>
<arg>name=Apple MacBook Pro 16</arg>
<arg>data=${nested_data}</arg>
<doc>Creates and returns a dictionary based on the given ``items``.</doc>
<msg timestamp="20240801 00:19:55.610" level="INFO">${data} = {'name': 'Apple MacBook Pro 16', 'data': {'year': '2019', 'price': '1849.99', 'CPU model': 'Intel Core i9', 'Hard disk size': '1 TB'}}</msg>
<status status="PASS" starttime="20240801 00:19:55.610" endtime="20240801 00:19:55.610"/>
</kw>
<kw name="Create Dictionary" library="BuiltIn">
<var>${headers}</var>
<arg>Content-Type=application/json</arg>
<doc>Creates and returns a dictionary based on the given ``items``.</doc>
<msg timestamp="20240801 00:19:55.611" level="INFO">${headers} = {'Content-Type': 'application/json'}</msg>
<status status="PASS" starttime="20240801 00:19:55.610" endtime="20240801 00:19:55.611"/>
</kw>
<kw name="POST" library="RequestsLibrary">
<var>${response}</var>
<arg>${BASE_URL}</arg>
<arg>json=${data}</arg>
<arg>headers=${headers}</arg>
<doc>Sends a POST request.</doc>
<msg timestamp="20240801 00:19:55.980" level="INFO">POST Request : url=https://api.restful-api.dev/objects 
 path_url=/objects 
 headers={'User-Agent': 'python-requests/2.26.0', 'Accept-Encoding': 'gzip, deflate, br', 'Accept': '*/*', 'Connection': 'keep-alive', 'Content-Type': 'application/json', 'Content-Length': '134'} 
 body=b'{"name": "Apple MacBook Pro 16", "data": {"year": "2019", "price": "1849.99", "CPU model": "Intel Core i9", "Hard disk size": "1 TB"}}' 
 </msg>
<msg timestamp="20240801 00:19:55.980" level="INFO">POST Response : url=https://api.restful-api.dev/objects 
 status=200, reason= 
 headers={'Date': 'Wed, 31 Jul 2024 22:19:55 GMT', 'Content-Type': 'application/json', 'Transfer-Encoding': 'chunked', 'Connection': 'keep-alive', 'Vary': 'Origin, Access-Control-Request-Method, Access-Control-Request-Headers', 'CF-Cache-Status': 'DYNAMIC', 'Report-To': '{"endpoints":[{"url":"https:\\/\\/a.nel.cloudflare.com\\/report\\/v4?s=bHtBuupP93O%2Bp%2Bav9JuZCCQHIIAIKUrIqIcXIxn%2BiQoZ47c%2B6wQpDZfvoETQqrymmBqkyU%2Bu%2FyAMq%2B1kTGpJkZuLz2%2Fl9YFmxJCkmTuyHtFV08jp4Hgvyg6yICISgDvxvlJ9FmWFanRCbQCxz%2FcQDxtj"}],"group":"cf-nel","max_age":604800}', 'NEL': '{"success_fraction":0,"report_to":"cf-nel","max_age":604800}', 'Server': 'cloudflare', 'CF-RAY': '8ac0f9095c8a0ae0-AMS', 'Content-Encoding': 'br', 'alt-svc': 'h3=":443"; ma=86400'} 
 body={"id":"ff8081819108ddef01910ae0e24c049a","name":"Apple MacBook Pro 16","createdAt":"2024-07-31T22:19:55.852+00:00","data":{"year":"2019","price":"1849.99","CPU model":"Intel Core i9","Hard disk size":"1 TB"}} 
 </msg>
<msg timestamp="20240801 00:19:55.981" level="INFO">${response} = &lt;Response [200]&gt;</msg>
<status status="PASS" starttime="20240801 00:19:55.611" endtime="20240801 00:19:55.981"/>
</kw>
<kw name="Set Test Variable" library="BuiltIn">
<arg>${response}</arg>
<doc>Makes a variable available everywhere within the scope of the current test.</doc>
<msg timestamp="20240801 00:19:55.982" level="INFO">${response} = &lt;Response [200]&gt;</msg>
<status status="PASS" starttime="20240801 00:19:55.981" endtime="20240801 00:19:55.982"/>
</kw>
<status status="PASS" starttime="20240801 00:19:55.609" endtime="20240801 00:19:55.982"/>
</kw>
<kw name="Then the response status code should be 200" library="Keywords">
<kw name="Should Be Equal As Numbers" library="BuiltIn">
<arg>${response.status_code}</arg>
<arg>200</arg>
<doc>Fails if objects are unequal after converting them to real numbers.</doc>
<msg timestamp="20240801 00:19:55.984" level="INFO">Argument types are:
&lt;class 'int'&gt;
&lt;type 'unicode'&gt;</msg>
<status status="PASS" starttime="20240801 00:19:55.983" endtime="20240801 00:19:55.984"/>
</kw>
<status status="PASS" starttime="20240801 00:19:55.983" endtime="20240801 00:19:55.984"/>
</kw>
<kw name="And the response should contain the created object details" library="Keywords">
<kw name="Set Variable" library="BuiltIn">
<var>${json_response}</var>
<arg>${response.json()}</arg>
<doc>Returns the given values which can then be assigned to a variables.</doc>
<msg timestamp="20240801 00:19:55.986" level="INFO">${json_response} = {'id': 'ff8081819108ddef01910ae0e24c049a', 'name': 'Apple MacBook Pro 16', 'createdAt': '2024-07-31T22:19:55.852+00:00', 'data': {'year': '2019', 'price': '1849.99', 'CPU model': 'Intel Core i9', 'Har...</msg>
<status status="PASS" starttime="20240801 00:19:55.985" endtime="20240801 00:19:55.986"/>
</kw>
<kw name="Dictionary Should Contain Key" library="Collections">
<arg>${json_response}</arg>
<arg>id</arg>
<doc>Fails if ``key`` is not found from ``dictionary``.</doc>
<status status="PASS" starttime="20240801 00:19:55.986" endtime="20240801 00:19:55.986"/>
</kw>
<kw name="Dictionary Should Contain Key" library="Collections">
<arg>${json_response}</arg>
<arg>name</arg>
<doc>Fails if ``key`` is not found from ``dictionary``.</doc>
<status status="PASS" starttime="20240801 00:19:55.986" endtime="20240801 00:19:55.986"/>
</kw>
<kw name="Dictionary Should Contain Key" library="Collections">
<arg>${json_response}</arg>
<arg>createdAt</arg>
<doc>Fails if ``key`` is not found from ``dictionary``.</doc>
<status status="PASS" starttime="20240801 00:19:55.986" endtime="20240801 00:19:55.987"/>
</kw>
<kw name="Dictionary Should Contain Key" library="Collections">
<arg>${json_response}</arg>
<arg>data</arg>
<doc>Fails if ``key`` is not found from ``dictionary``.</doc>
<status status="PASS" starttime="20240801 00:19:55.987" endtime="20240801 00:19:55.987"/>
</kw>
<kw name="Should Be Equal" library="BuiltIn">
<arg>${json_response}[name]</arg>
<arg>Apple MacBook Pro 16</arg>
<doc>Fails if the given objects are unequal.</doc>
<status status="PASS" starttime="20240801 00:19:55.987" endtime="20240801 00:19:55.987"/>
</kw>
<kw name="Should Be Equal As Integers" library="BuiltIn">
<arg>${json_response}[data][year]</arg>
<arg>2019</arg>
<doc>Fails if objects are unequal after converting them to integers.</doc>
<status status="PASS" starttime="20240801 00:19:55.987" endtime="20240801 00:19:55.988"/>
</kw>
<kw name="Should Be Equal As Numbers" library="BuiltIn">
<arg>${json_response}[data][price]</arg>
<arg>1849.99</arg>
<doc>Fails if objects are unequal after converting them to real numbers.</doc>
<status status="PASS" starttime="20240801 00:19:55.988" endtime="20240801 00:19:55.988"/>
</kw>
<kw name="Should Be Equal" library="BuiltIn">
<arg>${json_response}[data][CPU model]</arg>
<arg>Intel Core i9</arg>
<doc>Fails if the given objects are unequal.</doc>
<status status="PASS" starttime="20240801 00:19:55.988" endtime="20240801 00:19:55.988"/>
</kw>
<status status="PASS" starttime="20240801 00:19:55.985" endtime="20240801 00:19:55.988"/>
</kw>
<doc>Quick test to verify creating a new object</doc>
<status status="PASS" starttime="20240801 00:19:55.607" endtime="20240801 00:19:55.989"/>
</test>
<test id="s1-t3" name="Smoke Test: Update Existing Object">
<kw name="Given the API is accessible" library="Keywords">
<kw name="No Operation" library="BuiltIn">
<doc>Does absolutely nothing.</doc>
<status status="PASS" starttime="20240801 00:19:55.990" endtime="20240801 00:19:55.990"/>
</kw>
<status status="PASS" starttime="20240801 00:19:55.990" endtime="20240801 00:19:55.991"/>
</kw>
<kw name="When I send a PUT request to update an existing object" library="Keywords">
<kw name="Create Dictionary" library="BuiltIn">
<var>${nested_data}</var>
<arg>year=2019</arg>
<arg>price=2049.99</arg>
<arg>CPU model=Intel Core i9</arg>
<arg>Hard disk size=1 TB</arg>
<arg>color=silver</arg>
<doc>Creates and returns a dictionary based on the given ``items``.</doc>
<msg timestamp="20240801 00:19:55.992" level="INFO">${nested_data} = {'year': '2019', 'price': '2049.99', 'CPU model': 'Intel Core i9', 'Hard disk size': '1 TB', 'color': 'silver'}</msg>
<status status="PASS" starttime="20240801 00:19:55.992" endtime="20240801 00:19:55.992"/>
</kw>
<kw name="Create Dictionary" library="BuiltIn">
<var>${data}</var>
<arg>name=Apple MacBook Pro 16</arg>
<arg>data=${nested_data}</arg>
<doc>Creates and returns a dictionary based on the given ``items``.</doc>
<msg timestamp="20240801 00:19:55.993" level="INFO">${data} = {'name': 'Apple MacBook Pro 16', 'data': {'year': '2019', 'price': '2049.99', 'CPU model': 'Intel Core i9', 'Hard disk size': '1 TB', 'color': 'silver'}}</msg>
<status status="PASS" starttime="20240801 00:19:55.992" endtime="20240801 00:19:55.993"/>
</kw>
<kw name="Create Dictionary" library="BuiltIn">
<var>${headers}</var>
<arg>Content-Type=application/json</arg>
<doc>Creates and returns a dictionary based on the given ``items``.</doc>
<msg timestamp="20240801 00:19:55.993" level="INFO">${headers} = {'Content-Type': 'application/json'}</msg>
<status status="PASS" starttime="20240801 00:19:55.993" endtime="20240801 00:19:55.993"/>
</kw>
<kw name="PUT" library="RequestsLibrary">
<var>${response}</var>
<arg>${BASE_URL}/${OBJECT_ID}</arg>
<arg>json=${data}</arg>
<arg>headers=${headers}</arg>
<doc>Sends a PUT request.</doc>
<msg timestamp="20240801 00:19:56.976" level="INFO">PUT Request : url=https://api.restful-api.dev/objects/ff8081819108ddef01910ae0de020499 
 path_url=/objects/ff8081819108ddef01910ae0de020499 
 headers={'User-Agent': 'python-requests/2.26.0', 'Accept-Encoding': 'gzip, deflate, br', 'Accept': '*/*', 'Connection': 'keep-alive', 'Content-Type': 'application/json', 'Content-Length': '153'} 
 body=b'{"name": "Apple MacBook Pro 16", "data": {"year": "2019", "price": "2049.99", "CPU model": "Intel Core i9", "Hard disk size": "1 TB", "color": "silver"}}' 
 </msg>
<msg timestamp="20240801 00:19:56.977" level="INFO">PUT Response : url=https://api.restful-api.dev/objects/ff8081819108ddef01910ae0de020499 
 status=200, reason= 
 headers={'Date': 'Wed, 31 Jul 2024 22:19:56 GMT', 'Content-Type': 'application/json', 'Transfer-Encoding': 'chunked', 'Connection': 'keep-alive', 'Vary': 'Origin, Access-Control-Request-Method, Access-Control-Request-Headers', 'CF-Cache-Status': 'DYNAMIC', 'Report-To': '{"endpoints":[{"url":"https:\\/\\/a.nel.cloudflare.com\\/report\\/v4?s=du9Gp7NUfE29%2BiT5gEF2VM%2FFRQAhzf3wQygDz77jeD%2FPJFEZ1In%2F774IinEb01j9fQbBMn7fmd8vTamrlfTVu3xfZpNp6ICjHbDlFOrm5CfGG%2Fbx5MqqqqKKCKDqYHv1HvgC8jQDrsT9Nbh2f2IIwaYe"}],"group":"cf-nel","max_age":604800}', 'NEL': '{"success_fraction":0,"report_to":"cf-nel","max_age":604800}', 'Server': 'cloudflare', 'CF-RAY': '8ac0f90b9a2d66e8-AMS', 'Content-Encoding': 'br', 'alt-svc': 'h3=":443"; ma=86400'} 
 body={"id":"ff8081819108ddef01910ae0de020499","name":"Apple MacBook Pro 16","updatedAt":"2024-07-31T22:19:56.830+00:00","data":{"year":"2019","price":"2049.99","CPU model":"Intel Core i9","Hard disk size":"1 TB","color":"silver"}} 
 </msg>
<msg timestamp="20240801 00:19:56.978" level="INFO">${response} = &lt;Response [200]&gt;</msg>
<status status="PASS" starttime="20240801 00:19:55.993" endtime="20240801 00:19:56.978"/>
</kw>
<kw name="Set Test Variable" library="BuiltIn">
<arg>${response}</arg>
<doc>Makes a variable available everywhere within the scope of the current test.</doc>
<msg timestamp="20240801 00:19:56.979" level="INFO">${response} = &lt;Response [200]&gt;</msg>
<status status="PASS" starttime="20240801 00:19:56.978" endtime="20240801 00:19:56.979"/>
</kw>
<status status="PASS" starttime="20240801 00:19:55.991" endtime="20240801 00:19:56.980"/>
</kw>
<kw name="Then the response status code should be 200" library="Keywords">
<kw name="Should Be Equal As Numbers" library="BuiltIn">
<arg>${response.status_code}</arg>
<arg>200</arg>
<doc>Fails if objects are unequal after converting them to real numbers.</doc>
<msg timestamp="20240801 00:19:56.981" level="INFO">Argument types are:
&lt;class 'int'&gt;
&lt;type 'unicode'&gt;</msg>
<status status="PASS" starttime="20240801 00:19:56.981" endtime="20240801 00:19:56.981"/>
</kw>
<status status="PASS" starttime="20240801 00:19:56.980" endtime="20240801 00:19:56.981"/>
</kw>
<kw name="And the response should contain the updated object details" library="Keywords">
<kw name="Set Variable" library="BuiltIn">
<var>${json_response}</var>
<arg>${response.json()}</arg>
<doc>Returns the given values which can then be assigned to a variables.</doc>
<msg timestamp="20240801 00:19:56.982" level="INFO">${json_response} = {'id': 'ff8081819108ddef01910ae0de020499', 'name': 'Apple MacBook Pro 16', 'updatedAt': '2024-07-31T22:19:56.830+00:00', 'data': {'year': '2019', 'price': '2049.99', 'CPU model': 'Intel Core i9', 'Har...</msg>
<status status="PASS" starttime="20240801 00:19:56.982" endtime="20240801 00:19:56.983"/>
</kw>
<kw name="Dictionary Should Contain Key" library="Collections">
<arg>${json_response}</arg>
<arg>id</arg>
<doc>Fails if ``key`` is not found from ``dictionary``.</doc>
<status status="PASS" starttime="20240801 00:19:56.983" endtime="20240801 00:19:56.983"/>
</kw>
<kw name="Dictionary Should Contain Key" library="Collections">
<arg>${json_response}</arg>
<arg>name</arg>
<doc>Fails if ``key`` is not found from ``dictionary``.</doc>
<status status="PASS" starttime="20240801 00:19:56.983" endtime="20240801 00:19:56.983"/>
</kw>
<kw name="Dictionary Should Contain Key" library="Collections">
<arg>${json_response}</arg>
<arg>updatedAt</arg>
<doc>Fails if ``key`` is not found from ``dictionary``.</doc>
<status status="PASS" starttime="20240801 00:19:56.983" endtime="20240801 00:19:56.983"/>
</kw>
<kw name="Dictionary Should Contain Key" library="Collections">
<arg>${json_response}</arg>
<arg>data</arg>
<doc>Fails if ``key`` is not found from ``dictionary``.</doc>
<status status="PASS" starttime="20240801 00:19:56.983" endtime="20240801 00:19:56.984"/>
</kw>
<kw name="Should Be Equal" library="BuiltIn">
<arg>${json_response}[name]</arg>
<arg>Apple MacBook Pro 16</arg>
<doc>Fails if the given objects are unequal.</doc>
<status status="PASS" starttime="20240801 00:19:56.984" endtime="20240801 00:19:56.984"/>
</kw>
<kw name="Should Be Equal As Integers" library="BuiltIn">
<arg>${json_response}[data][year]</arg>
<arg>2019</arg>
<doc>Fails if objects are unequal after converting them to integers.</doc>
<status status="PASS" starttime="20240801 00:19:56.984" endtime="20240801 00:19:56.985"/>
</kw>
<kw name="Should Be Equal As Numbers" library="BuiltIn">
<arg>${json_response}[data][price]</arg>
<arg>2049.99</arg>
<doc>Fails if objects are unequal after converting them to real numbers.</doc>
<status status="PASS" starttime="20240801 00:19:56.985" endtime="20240801 00:19:56.985"/>
</kw>
<kw name="Should Be Equal" library="BuiltIn">
<arg>${json_response}[data][CPU model]</arg>
<arg>Intel Core i9</arg>
<doc>Fails if the given objects are unequal.</doc>
<status status="PASS" starttime="20240801 00:19:56.985" endtime="20240801 00:19:56.986"/>
</kw>
<kw name="Should Be Equal" library="BuiltIn">
<arg>${json_response}[data][color]</arg>
<arg>silver</arg>
<doc>Fails if the given objects are unequal.</doc>
<status status="PASS" starttime="20240801 00:19:56.986" endtime="20240801 00:19:56.986"/>
</kw>
<status status="PASS" starttime="20240801 00:19:56.982" endtime="20240801 00:19:56.986"/>
</kw>
<doc>Quick test to verify updating an existing object</doc>
<status status="PASS" starttime="20240801 00:19:55.989" endtime="20240801 00:19:56.986"/>
</test>
<test id="s1-t4" name="Smoke Test: Delete Existing Object">
<kw name="Given the API is accessible" library="Keywords">
<kw name="No Operation" library="BuiltIn">
<doc>Does absolutely nothing.</doc>
<status status="PASS" starttime="20240801 00:19:56.987" endtime="20240801 00:19:56.987"/>
</kw>
<status status="PASS" starttime="20240801 00:19:56.987" endtime="20240801 00:19:56.987"/>
</kw>
<kw name="When I send a DELETE request to delete an existing object" library="Keywords">
<kw name="DELETE" library="RequestsLibrary">
<var>${response}</var>
<arg>${BASE_URL}/${OBJECT_ID}</arg>
<doc>Sends a DELETE request.</doc>
<msg timestamp="20240801 00:19:57.375" level="INFO">DELETE Request : url=https://api.restful-api.dev/objects/ff8081819108ddef01910ae0de020499 
 path_url=/objects/ff8081819108ddef01910ae0de020499 
 headers={'User-Agent': 'python-requests/2.26.0', 'Accept-Encoding': 'gzip, deflate, br', 'Accept': '*/*', 'Connection': 'keep-alive', 'Content-Length': '0'} 
 body=None 
 </msg>
<msg timestamp="20240801 00:19:57.375" level="INFO">DELETE Response : url=https://api.restful-api.dev/objects/ff8081819108ddef01910ae0de020499 
 status=200, reason= 
 headers={'Date': 'Wed, 31 Jul 2024 22:19:57 GMT', 'Content-Type': 'application/json', 'Transfer-Encoding': 'chunked', 'Connection': 'keep-alive', 'Vary': 'Origin, Access-Control-Request-Method, Access-Control-Request-Headers', 'CF-Cache-Status': 'DYNAMIC', 'Report-To': '{"endpoints":[{"url":"https:\\/\\/a.nel.cloudflare.com\\/report\\/v4?s=VlWygHcClsc%2FXy7g7owXjeG59vERvjCSSSZJuRCN2x8zhM56FlEVpOsz7UCEMbXdtyNvLq76zQlmeYVbHuBeD0gXxzyB8WPFgHTVS5%2FVbDBIWf3qe1WqvCWBAQedFXrndAyr5m5AIw4iFaCfxs5dMkwe"}],"group":"cf-nel","max_age":604800}', 'NEL': '{"success_fraction":0,"report_to":"cf-nel","max_age":604800}', 'Server': 'cloudflare', 'CF-RAY': '8ac0f911db029f8a-AMS', 'Content-Encoding': 'br', 'alt-svc': 'h3=":443"; ma=86400'} 
 body={"message":"Object with id = ff8081819108ddef01910ae0de020499 has been deleted."} 
 </msg>
<msg timestamp="20240801 00:19:57.375" level="INFO">${response} = &lt;Response [200]&gt;</msg>
<status status="PASS" starttime="20240801 00:19:56.987" endtime="20240801 00:19:57.375"/>
</kw>
<kw name="Set Test Variable" library="BuiltIn">
<arg>${response}</arg>
<doc>Makes a variable available everywhere within the scope of the current test.</doc>
<msg timestamp="20240801 00:19:57.377" level="INFO">${response} = &lt;Response [200]&gt;</msg>
<status status="PASS" starttime="20240801 00:19:57.376" endtime="20240801 00:19:57.377"/>
</kw>
<status status="PASS" starttime="20240801 00:19:56.987" endtime="20240801 00:19:57.377"/>
</kw>
<kw name="Then the response status code should be 200" library="Keywords">
<kw name="Should Be Equal As Numbers" library="BuiltIn">
<arg>${response.status_code}</arg>
<arg>200</arg>
<doc>Fails if objects are unequal after converting them to real numbers.</doc>
<msg timestamp="20240801 00:19:57.379" level="INFO">Argument types are:
&lt;class 'int'&gt;
&lt;type 'unicode'&gt;</msg>
<status status="PASS" starttime="20240801 00:19:57.378" endtime="20240801 00:19:57.379"/>
</kw>
<status status="PASS" starttime="20240801 00:19:57.378" endtime="20240801 00:19:57.379"/>
</kw>
<kw name="And the response should confirm the deletion" library="Keywords">
<kw name="Set Variable" library="BuiltIn">
<var>${json_response}</var>
<arg>${response.json()}</arg>
<doc>Returns the given values which can then be assigned to a variables.</doc>
<msg timestamp="20240801 00:19:57.380" level="INFO">${json_response} = {'message': 'Object with id = ff8081819108ddef01910ae0de020499 has been deleted.'}</msg>
<status status="PASS" starttime="20240801 00:19:57.380" endtime="20240801 00:19:57.380"/>
</kw>
<kw name="Dictionary Should Contain Key" library="Collections">
<arg>${json_response}</arg>
<arg>message</arg>
<doc>Fails if ``key`` is not found from ``dictionary``.</doc>
<status status="PASS" starttime="20240801 00:19:57.380" endtime="20240801 00:19:57.381"/>
</kw>
<kw name="Should Be Equal As Strings" library="BuiltIn">
<arg>${json_response}[message]</arg>
<arg>Object with id = ${OBJECT_ID} has been deleted.</arg>
<doc>Fails if objects are unequal after converting them to strings.</doc>
<status status="PASS" starttime="20240801 00:19:57.381" endtime="20240801 00:19:57.381"/>
</kw>
<status status="PASS" starttime="20240801 00:19:57.379" endtime="20240801 00:19:57.381"/>
</kw>
<doc>Quick test to verify deleting an existing object</doc>
<status status="PASS" starttime="20240801 00:19:56.986" endtime="20240801 00:19:57.382"/>
</test>
<status status="PASS" starttime="20240801 00:19:53.732" endtime="20240801 00:19:57.383"/>
</suite>
<statistics>
<total>
<stat pass="4" fail="0" skip="0">All Tests</stat>
</total>
<tag>
</tag>
<suite>
<stat pass="4" fail="0" skip="0" id="s1" name="Api Smoke Tests">Api Smoke Tests</stat>
</suite>
</statistics>
<errors>
</errors>
</robot>
